0 1.17594019710225 1 1 1 1 3 5 7 9 11

octave up
1.17594019710225 1.18376417868141 1 2 1 1 3 5 7 9 11

octave up
2.35970437578367 0.474394187015794 1 4 1 1 3 5 7 9 11

octave up
2.83409856279946 0.568658293766927 1 8 1 1 3 5 7 9 11

octave down
3.40275685656639 0.385240383280039 1 4 1 1 3 5 7 9 11

idents drop 3
3.78799723984642 1.11376330453635 1 4 1 1 5 7 9 11

idents add 3
4.90176054438278 0.79411316192768 1 4 1 1 5 7 9 11 3

idents drop 9
5.69587370631046 1.05345302535976 1 4 1 1 5 7 11 3

OUSwitch
6.74932673167022 0.574035658120009 -1 4 1 1 5 7 11 3

OUSwitch
7.32336238979023 0.862973535513833 1 4 1 1 5 7 11 3

nexus 13
8.18633592530406 0.536119715448814 1 4 13 1 5 7 11 3

OUSwitch
8.72245564075288 1.03368389994891 -1 4 13 1 5 7 11 3

OUSwitch
9.75613954070179 0.53999864723007 1 4 13 1 5 7 11 3

octave down
10.2961381879319 1.04820795206126 1 2 13 1 5 7 11 3

idents add 13
11.3443461399931 0.546822261676405 1 2 13 1 5 7 11 3 13

OUSwitch
11.8911684016695 0.92796678524685 -1 2 13 1 5 7 11 3 13

nexus 7
12.8191351869164 0.658900061443707 -1 2 7 1 5 7 11 3 13

octave up
13.4780352483601 0.857432350160733 -1 4 7 1 5 7 11 3 13

octave up
14.3354675985208 0.964236492233686 -1 8 7 1 5 7 11 3 13

octave down
15.2997040907545 1.47637008007153 -1 4 7 1 5 7 11 3 13

OUSwitch
16.776074170826 1.36651929476516 1 4 7 1 5 7 11 3 13

octave up
18.1425934655912 0.925441882241156 1 8 7 1 5 7 11 3 13

OUSwitch
19.0680353478323 0.521114894732545 -1 8 7 1 5 7 11 3 13

nexus 9
19.5891502425649 0.849370767158679 -1 8 9 1 5 7 11 3 13

nexus 7
20.4385210097236 1.01954071574508 -1 8 7 1 5 7 11 3 13

OUSwitch
21.4580617254686 1.22154409333973 1 8 7 1 5 7 11 3 13

idents drop 7
22.6796058188084 0.546881733205606 1 8 7 1 5 11 3 13

nexus 11
23.226487552014 1.39547903127343 1 8 11 1 5 11 3 13

idents add 9
24.6219665832874 1.19341220721566 1 8 11 1 5 11 3 13 9

OUSwitch
25.8153787905031 0.487602482365711 -1 8 11 1 5 11 3 13 9

OUSwitch
26.3029812728688 0.388868916127767 1 8 11 1 5 11 3 13 9

octave down
26.6918501889965 0.729871202890718 1 4 11 1 5 11 3 13 9

nexus 5
27.4217213918873 0.937068962695567 1 4 5 1 5 11 3 13 9

idents drop 5
28.3587903545828 1.28818046212218 1 4 5 1 11 3 13 9

octave down
29.646970816705 0.542233663217546 1 2 5 1 11 3 13 9

octave up
30.1892044799226 0.730253562257986 1 4 5 1 11 3 13 9

nexus 9
30.9194580421805 1.44831655000765 1 4 9 1 11 3 13 9

octave up
32.3677745921882 1.12389078043335 1 8 9 1 11 3 13 9

idents add 5
33.4916653726215 0.421974341859608 1 8 9 1 11 3 13 9 5

nexus 5
33.9136397144811 1.15425128384313 1 8 5 1 11 3 13 9 5

octave down
35.0678909983243 0.853936503398044 1 4 5 1 11 3 13 9 5

idents drop 3
35.9218275017223 0.932027600004602 1 4 5 1 11 13 9 5

OUSwitch
36.8538551017269 1.0451594141615 -1 4 5 1 11 13 9 5

nexus 9
37.8990145158884 0.621458125374577 -1 4 9 1 11 13 9 5

octave up
38.520472641263 1.06082386518496 -1 8 9 1 11 13 9 5

nexus 3
39.581296506448 0.728506816847188 -1 8 3 1 11 13 9 5

octave down
40.3098033232952 0.855032045116499 -1 4 3 1 11 13 9 5

OUSwitch
41.1648353684117 0.753194084631041 1 4 3 1 11 13 9 5

nexus 5
41.9180294530427 0.89243983982358 1 4 5 1 11 13 9 5

OUSwitch
42.8104692928663 1.33598187865259 -1 4 5 1 11 13 9 5

octave down
44.1464511715189 1.15529512090304 -1 2 5 1 11 13 9 5

octave up
45.3017462924219 1.13416300345744 -1 4 5 1 11 13 9 5

OUSwitch
46.4359092958794 1.37106239483636 1 4 5 1 11 13 9 5

nexus 9
47.8069716907157 0.464898221374818 1 4 9 1 11 13 9 5

octave up
48.2718699120905 1.17993623110275 1 8 9 1 11 13 9 5

octave down
49.4518061431933 1.11887371493316 1 4 9 1 11 13 9 5

octave down
50.5706798581264 1.43320886429797 1 2 9 1 11 13 9 5

idents drop 5
52.0038887224244 1.23547472767204 1 2 9 1 11 13 9

octave up
53.2393634500964 0.772987943701522 1 4 9 1 11 13 9

nexus 1
54.012351393798 1.30568352977885 1 4 1 1 11 13 9

OUSwitch
55.3180349235768 1.44235448305776 -1 4 1 1 11 13 9

OUSwitch
56.7603894066346 1.12373141855127 1 4 1 1 11 13 9

nexus 9
57.8841208251858 1.31751874507283 1 4 9 1 11 13 9

nexus 1
59.2016395702587 1.20055826825641 1 4 1 1 11 13 9

OUSwitch
60.4021978385151 1.36166222000541 -1 4 1 1 11 13 9

octave up
61.7638600585205 1.24380508428129 -1 8 1 1 11 13 9

nexus 13
63.0076651428018 0.730030771391095 -1 8 13 1 11 13 9

OUSwitch
63.7376959141929 1.30668053709855 1 8 13 1 11 13 9

idents drop 9
65.0443764512914 1.29402129049683 1 8 13 1 11 13

octave down
66.3383977417883 0.420599363509499 1 4 13 1 11 13

OUSwitch
66.7589971052978 1.33330446183648 -1 4 13 1 11 13

idents add 9
68.0923015671342 1.44286941248042 -1 4 13 1 11 13 9

nexus 5
69.5351709796146 1.0503931851443 -1 4 5 1 11 13 9

nexus 11
70.5855641647589 0.767871453843797 -1 4 11 1 11 13 9

nexus 1
71.3534356186027 1.17952575988157 -1 4 1 1 11 13 9

OUSwitch
72.5329613784843 0.859607713532494 1 4 1 1 11 13 9

nexus 11
73.3925690920168 0.708498410801214 1 4 11 1 11 13 9

octave down
74.101067502818 1.33611554812398 1 2 11 1 11 13 9

nexus 7
75.437183050942 0.664796173607114 1 2 7 1 11 13 9

nexus 9
76.1019792245491 1.45960544359008 1 2 9 1 11 13 9

nexus 13
77.5615846681392 0.817981779072761 1 2 13 1 11 13 9

octave up
78.379566447212 1.17417461533877 1 4 13 1 11 13 9

OUSwitch
79.5537410625507 0.440039512505442 -1 4 13 1 11 13 9

octave up
79.9937805750562 0.606856652770095 -1 8 13 1 11 13 9

nexus 9
80.6006372278263 0.650713236874184 -1 8 9 1 11 13 9

nexus 1
81.2513504647004 0.383696388317788 -1 8 1 1 11 13 9

octave down
81.6350468530182 1.4998299308953 -1 4 1 1 11 13 9

octave up
83.1348767839135 1.02276281447012 -1 8 1 1 11 13 9

nexus 11
84.1576395983837 1.4570305385727 -1 8 11 1 11 13 9

octave down
85.6146701369564 0.928561254987635 -1 4 11 1 11 13 9

octave down
86.543231391944 1.27364263738637 -1 2 11 1 11 13 9

nexus 9
87.8168740293304 0.556819668714685 -1 2 9 1 11 13 9

idents add 5
88.373693698045 0.51262700897029 -1 2 9 1 11 13 9 5

nexus 1
88.8863207070153 1.43688216238363 -1 2 1 1 11 13 9 5

nexus 3
90.323202869399 1.310138809238 -1 2 3 1 11 13 9 5

nexus 9
91.633341678637 1.33638542797301 -1 2 9 1 11 13 9 5

OUSwitch
92.96972710661 0.472948856801586 1 2 9 1 11 13 9 5

OUSwitch
93.4426759634116 1.01866093654999 -1 2 9 1 11 13 9 5

octave up
94.4613368999616 0.865614169338695 -1 4 9 1 11 13 9 5

OUSwitch
95.3269510693003 0.999167435222798 1 4 9 1 11 13 9 5

OUSwitch
96.3261185045231 1.32169269378131 -1 4 9 1 11 13 9 5

OUSwitch
97.6478111983044 0.689448267785402 1 4 9 1 11 13 9 5

OUSwitch
98.3372594660898 0.859967549927239 -1 4 9 1 11 13 9 5

nexus 1
99.197227016017 1.32697864734792 -1 4 1 1 11 13 9 5

nexus 13
100.524205663365 0.896747782722375 -1 4 13 1 11 13 9 5

idents drop 1
101.420953446087 0.694192446285019 -1 4 13 11 13 9 5

idents add 1
102.115145892372 0.731157293725527 -1 4 13 11 13 9 5 1

octave up
102.846303186098 1.13452921416323 -1 8 13 11 13 9 5 1

octave down
103.980832400261 0.435934760558994 -1 4 13 11 13 9 5 1

OUSwitch
104.41676716082 0.427927459651651 1 4 13 11 13 9 5 1

idents drop 1
104.844694620472 1.04875731460873 1 4 13 11 13 9 5

idents add 7
105.89345193508 1.03155471100954 1 4 13 11 13 9 5 7

idents drop 9
106.92500664609 1.290104806058 1 4 13 11 13 5 7

nexus 1
108.215111452148 0.960985704907824 1 4 1 11 13 5 7

idents add 1
109.176097157056 1.0935000765758 1 4 1 11 13 5 7 1

OUSwitch
110.269597233632 1.34435080150756 -1 4 1 11 13 5 7 1

idents drop 13
111.613948035139 0.565440740473215 -1 4 1 11 5 7 1

idents add 3
112.179388775612 0.824960840598237 -1 4 1 11 5 7 1 3

OUSwitch
113.004349616211 0.936665638431136 1 4 1 11 5 7 1 3

OUSwitch
113.941015254642 0.80898884343013 -1 4 1 11 5 7 1 3

octave down
114.750004098072 1.23657287776605 -1 2 1 11 5 7 1 3

octave up
115.986576975838 1.38214794378268 -1 4 1 11 5 7 1 3

nexus 13
117.368724919621 1.2011177990742 -1 4 13 11 5 7 1 3

idents add 9
118.569842718695 0.384422699028407 -1 4 13 11 5 7 1 3 9

nexus 9
118.954265417723 0.91677416648198 -1 4 9 11 5 7 1 3 9

idents drop 3
119.871039584205 1.03544368167098 -1 4 9 11 5 7 1 9

idents add 3
120.906483265876 0.37628400729313 -1 4 9 11 5 7 1 9 3

octave down
121.282767273169 0.708599506394151 -1 2 9 11 5 7 1 9 3

octave up
121.991366779563 0.819167561822688 -1 4 9 11 5 7 1 9 3

nexus 5
122.810534341386 0.967922853678573 -1 4 5 11 5 7 1 9 3

idents drop 5
123.778457195065 0.430373148611119 -1 4 5 11 7 1 9 3

nexus 13
124.208830343676 0.760628777241586 -1 4 13 11 7 1 9 3

octave up
124.969459120917 1.24324874776033 -1 8 13 11 7 1 9 3

octave down
126.212707868678 0.456487394936401 -1 4 13 11 7 1 9 3

octave down
126.669195263614 1.26531817751223 -1 2 13 11 7 1 9 3

OUSwitch
127.934513441126 1.28434680210465 1 2 13 11 7 1 9 3

octave up
129.218860243231 1.37522428307753 1 4 13 11 7 1 9 3

nexus 5
130.594084526309 1.46258155964372 1 4 5 11 7 1 9 3

OUSwitch
132.056666085952 0.651108509391542 -1 4 5 11 7 1 9 3

idents drop 9
132.707774595344 1.47587682751428 -1 4 5 11 7 1 3

nexus 7
134.183651422858 0.651542143594171 -1 4 7 11 7 1 3

nexus 1
134.835193566452 1.0211950389316 -1 4 1 11 7 1 3

nexus 3
135.856388605384 0.707901869486077 -1 4 3 11 7 1 3

nexus 7
136.56429047487 0.457103383338963 -1 4 7 11 7 1 3

octave down
137.021393858209 0.686130668742273 -1 2 7 11 7 1 3

octave up
137.707524526951 0.935407548908684 -1 4 7 11 7 1 3

nexus 3
138.64293207586 0.688728381281654 -1 4 3 11 7 1 3

OUSwitch
139.331660457142 0.751483267949112 1 4 3 11 7 1 3

octave up
140.083143725091 1.49589087158929 1 8 3 11 7 1 3

OUSwitch
141.57903459668 0.429142981234678 -1 8 3 11 7 1 3

idents drop 1
142.008177577915 0.894213904162933 -1 8 3 11 7 3

nexus 13
142.902391482078 1.07162812065057 -1 8 13 11 7 3

octave down
143.974019602728 0.747982385782517 -1 4 13 11 7 3

idents add 1
144.722001988511 1.33971251244576 -1 4 13 11 7 3 1

idents drop 3
146.061714500956 0.871481090408487 -1 4 13 11 7 1

nexus 7
146.933195591365 0.593833539556794 -1 4 7 11 7 1

OUSwitch
147.527029130922 1.25177264915795 1 4 7 11 7 1

idents add 9
148.77880178008 0.44184982970227 1 4 7 11 7 1 9

octave up
149.220651609782 0.56107071923167 1 8 7 11 7 1 9

octave down
149.781722329014 0.90247462278889 1 4 7 11 7 1 9

octave up
