0 0.216315314201326 1 1 1 1 3 5 7 9

octave up
0.216315314201326 0.447462298008799 1 2 1 1 3 5 7 9

octave up
0.663777612210124 0.436863763729369 1 4 1 1 3 5 7 9

octave down
1.10064137593949 0.374842374731164 1 2 1 1 3 5 7 9

idents drop 7
1.47548375067066 0.33551576065433 1 2 1 1 3 5 9

octave up
1.81099951132499 0.468780786727749 1 4 1 1 3 5 9

idents add 7
2.27978029805274 0.402367109843728 1 4 1 1 3 5 9 7

nexus 3
2.68214740789646 0.39542728784845 1 4 3 1 3 5 9 7

octave down
3.07757469574491 0.481502155794554 1 2 3 1 3 5 9 7

idents drop 3
3.55907685153947 0.492149893556702 1 2 3 1 5 9 7

octave up
4.05122674509617 0.216749715108167 1 4 3 1 5 9 7

octave down
4.26797646020434 0.138478059520979 1 2 3 1 5 9 7

idents add 3
4.40645451972532 0.260812873153202 1 2 3 1 5 9 7 3

idents drop 3
4.66726739287852 0.424200950117107 1 2 3 1 5 9 7

octave up
5.09146834299563 0.31328740888099 1 4 3 1 5 9 7

octave down
5.40475575187662 0.187969539022246 1 2 3 1 5 9 7

idents add 3
5.59272529089886 0.252215744768256 1 2 3 1 5 9 7 3

nexus 7
5.84494103566712 0.330118019930233 1 2 7 1 5 9 7 3

octave up
6.17505905559735 0.368676130599539 1 4 7 1 5 9 7 3

nexus 5
6.54373518619689 0.427969315315712 1 4 5 1 5 9 7 3

idents drop 7
6.9717045015126 0.269606278538175 1 4 5 1 5 9 3

octave down
7.24131078005078 0.474951054183295 1 2 5 1 5 9 3

nexus 1
7.71626183423407 0.221861655035486 1 2 1 1 5 9 3

octave up
7.93812348926956 0.178338683844243 1 4 1 1 5 9 3

octave down
8.1164621731138 0.197968621571835 1 2 1 1 5 9 3

octave up
8.31443079468564 0.33914513832012 1 4 1 1 5 9 3

idents drop 5
8.65357593300576 0.444348059973273 1 4 1 1 9 3

nexus 9
9.09792399297903 0.272217997048405 1 4 9 1 9 3

octave down
9.37014199002743 0.281665318029559 1 2 9 1 9 3

idents drop 1
9.65180730805699 0.148819692930765 1 2 9 9 3

idents drop 3
9.80062700098776 0.167001304662075 1 2 9 9

octave up
9.96762830564983 0.289407889141984 1 4 9 9

octave down
10.2570361947918 0.155999291203326 1 2 9 9

octave up
10.4130354859951 0.126663784465796 1 4 9 9

octave down
10.5396992704609 0.336839321079698 1 2 9 9

nexus 3
10.8765385915406 0.406019347815489 1 2 3 9

octave up
11.2825579393561 0.15377953009517 1 4 3 9

octave down
11.4363374694513 0.339198323242492 1 2 3 9

octave up
11.7755357926938 0.264696309766562 1 4 3 9

octave down
12.0402321024604 0.493897810986543 1 2 3 9

octave up
12.5341299134469 0.361213601217386 1 4 3 9

nexus 1
12.8953435146643 0.189404901951727 1 4 1 9

nexus 3
13.084748416616 0.35137536648427 1 4 3 9

nexus 9
13.4361237831003 0.45775756629991 1 4 9 9

octave down
13.8938813494002 0.300126218783356 1 2 9 9

nexus 3
14.1940075681835 0.208188075461404 1 2 3 9

octave up
14.4021956436449 0.321860052964555 1 4 3 9

idents add 3
14.7240556966095 0.301026022164321 1 4 3 9 3

octave down
15.0250817187738 0.422640285967432 1 2 3 9 3

nexus 5
15.4477220047413 0.253930830562998 1 2 5 9 3

idents drop 3
15.7016528353043 0.361776582828591 1 2 5 9

octave up
16.0634294181328 0.28760217013147 1 4 5 9

octave down
16.3510315882643 0.235935304219845 1 2 5 9

nexus 3
16.5869668924842 0.128462613688807 1 2 3 9

nexus 9
16.715429506173 0.356020913556878 1 2 9 9

octave up
17.0714504197298 0.196874927859661 1 4 9 9

idents add 7
17.2683253475895 0.448180944171312 1 4 9 9 7

nexus 1
17.7165062917608 0.466507164621069 1 4 1 9 7

idents drop 9
18.1830134563819 0.161643747959439 1 4 1 7

idents add 1
18.3446572043413 0.326716470525828 1 4 1 7 1

idents drop 7
18.6713736748672 0.273646913532247 1 4 1 1

octave down
18.9450205883994 0.49712934942317 1 2 1 1

idents add 5
19.4421499378226 0.31925638486725 1 2 1 1 5

nexus 5
19.7614063226898 0.21829391684415 1 2 5 1 5

octave up
19.979700239534 0.312636185418882 1 4 5 1 5

octave down
20.2923364249529 0.491837165189611 1 2 5 1 5

idents add 3
20.7841735901425 0.436058242650672 1 2 5 1 5 3

octave up
21.2202318327931 0.469778316776965 1 4 5 1 5 3

octave down
21.6900101495701 0.471626815396493 1 2 5 1 5 3

octave up
22.1616369649666 0.233544006865563 1 4 5 1 5 3

idents drop 1
22.3951809718322 0.432196844643898 1 4 5 5 3

octave down
22.8273778164761 0.212957853941094 1 2 5 5 3

nexus 1
23.0403356704172 0.484764645712804 1 2 1 5 3

nexus 3
23.52510031613 0.211796367752067 1 2 3 5 3

octave up
23.736896683882 0.328030962807871 1 4 3 5 3

nexus 9
24.0649276466899 0.400256050324679 1 4 9 5 3

nexus 7
24.4651836970146 0.21284516588854 1 4 7 5 3

octave down
24.6780288629031 0.295407595411305 1 2 7 5 3

nexus 9
24.9734364583144 0.264415729321425 1 2 9 5 3

nexus 7
25.2378521876358 0.320948413847645 silence
25.5588006014835 0.454173861645968 1 2 7 5 3

idents add 9
26.0129744631295 0.450082013525049 1 2 7 5 3 9

octave up
26.4630564766545 0.257954694906868 1 4 7 5 3 9

nexus 5
26.7210111715614 0.127785021351057 1 4 5 5 3 9

idents drop 9
26.8487961929124 0.351614382490354 1 4 5 5 3

octave down
27.2004105754028 0.360933696040999 1 2 5 5 3

octave up
27.5613442714438 0.360879838802105 1 4 5 5 3

idents add 7
27.9222241102459 0.399772686825424 1 4 5 5 3 7

idents drop 3
28.3219967970713 0.271970980928426 1 4 5 5 7

octave down
28.5939677779997 0.221582415205923 silence
28.8155501932057 0.449962557860988 1 2 5 5 7

nexus 7
29.2655127510666 0.240956742946517 1 2 7 5 7

octave up
29.5064694940132 0.126437895812826 1 4 7 5 7

nexus 1
29.632907389826 0.25892427986279 1 4 1 5 7

idents add 3
29.8918316696888 0.481986900508228 1 4 1 5 7 3

octave down
30.373818570197 0.26449221245977 silence
30.6383107826568 0.137115198963409 1 2 1 5 7 3

octave up
30.7754259816202 0.416950089488167 1 4 1 5 7 3

idents add 9
31.1923760711084 0.206011779959326 1 4 1 5 7 3 9

octave down
31.3983878510677 0.438047269603781 1 2 1 5 7 3 9

octave up
31.8364351206715 0.429292734485538 1 4 1 5 7 3 9

idents drop 5
32.265727855157 0.262888925896856 1 4 1 7 3 9

nexus 5
32.5286167810539 0.441041116735892 1 4 5 7 3 9

octave down
32.9696578977897 0.331703085611665 1 2 5 7 3 9

nexus 3
33.3013609834014 0.223236290142861 silence
33.5245972735443 0.336095473113637 silence
33.8606927466579 0.376748322711004 1 2 3 7 3 9

octave up
34.2374410693689 0.200203532961627 1 4 3 7 3 9

idents drop 3
34.4376446023305 0.423665129392253 silence
34.8613097317228 0.431400762121609 1 4 3 7 9

idents drop 9
35.2927104938444 0.263431826337374 1 4 3 7

octave down
35.5561423201818 0.16723692267074 1 2 3 7

idents add 3
35.7233792428525 0.33838546323612 1 2 3 7 3

nexus 7
36.0617647060886 0.296179333340344 1 2 7 7 3

nexus 1
36.357944039429 0.290945448514542 1 2 1 7 3

idents add 5
36.6488894879435 0.264251888439361 1 2 1 7 3 5

nexus 3
36.9131413763829 0.206964445499335 1 2 3 7 3 5

octave up
37.1201058218822 0.131599600033475 1 4 3 7 3 5

octave down
37.2517054219157 0.404039131175617 1 2 3 7 3 5

idents drop 7
37.6557445530913 0.391216806848202 1 2 3 3 5

octave up
38.0469613599395 0.378411541142406 silence
38.4253729010819 0.178690898247143 1 4 3 3 5

idents drop 5
38.6040637993291 0.342925233807167 1 4 3 3

nexus 1
38.9469890331362 0.162406553805061 1 4 1 3

idents add 1
39.1093955869413 0.231467481246669 1 4 1 3 1

octave down
39.340863068188 0.23869134151922 1 2 1 3 1

octave up
39.5795544097072 0.312916925375235 silence
39.8924713350824 0.349255002679897 1 4 1 3 1

nexus 5
40.2417263377623 0.40660271102939 silence
40.6483290487917 0.360859963833696 1 4 5 3 1

idents drop 1
41.0091890126254 0.276886098742415 silence
41.2860751113678 0.190728000609626 1 4 5 3

octave down
41.4768031119774 0.413919800711285 1 2 5 3

octave up
41.8907229126887 0.317748663399071 1 4 5 3

octave down
42.2084715760878 0.414181596709186 1 2 5 3

nexus 7
42.622653172797 0.448332175720953 silence
43.0709853485179 0.232540279428398 1 2 7 3

nexus 1
43.3035256279463 0.428224576233143 1 2 1 3

idents add 1
43.7317502041795 0.140040716619333 1 2 1 3 1

octave up
43.8717909207988 0.266572284815005 1 4 1 3 1

octave down
44.1383632056138 0.394120314235483 1 2 1 3 1

idents add 7
44.5324835198493 0.496198051248907 1 2 1 3 1 7

nexus 3
45.0286815710982 0.321905094502676 1 2 3 3 1 7

octave up
45.3505866656009 0.129131264192783 1 4 3 3 1 7

nexus 7
45.4797179297937 0.139656821709471 1 4 7 3 1 7

octave down
45.6193747515031 0.405513748937698 silence
46.0248885004408 0.447624845193893 1 2 7 3 1 7

octave up
46.4725133456347 0.451188214791324 1 4 7 3 1 7

octave down
46.923701560426 0.282426922807753 1 2 7 3 1 7

nexus 9
47.2061284832338 0.269677919739606 1 2 9 3 1 7

octave up
47.4758064029734 0.322947243223256 1 4 9 3 1 7

octave down
47.7987536461967 0.353928957702347 1 2 9 3 1 7

octave up
48.152682603899 0.182629982858404 1 4 9 3 1 7

nexus 3
48.3353125867574 0.304339095134822 1 4 3 3 1 7

nexus 9
48.6396516818922 0.176291259187746 silence
48.81594294108 0.186982700909304 silence
49.0029256419893 0.215647664751624 1 4 9 3 1 7

nexus 7
49.2185733067409 0.171324350155718 1 4 7 3 1 7

octave down
49.3898976568966 0.395306027191519 1 2 7 3 1 7

nexus 9
49.7852036840881 0.192610851842809 1 2 9 3 1 7

octave up
49.9778145359309 0.278531828374117 1 4 9 3 1 7

nexus 7
50.2563463643051 0.144738737440923 1 4 7 3 1 7

nexus 9
50.401085101746 0.199929207137151 1 4 9 3 1 7

octave down
50.6010143088831 0.454826429551214 1 2 9 3 1 7

octave up
51.0558407384344 0.264499814723804 1 4 9 3 1 7

idents add 9
51.3203405531582 0.231759164320032 silence
51.5520997174782 0.272871325549008 1 4 9 3 1 7 9

octave down
51.8249710430272 0.237029860696452 1 2 9 3 1 7 9

octave up
52.0620009037236 0.317356993607144 1 4 9 3 1 7 9

nexus 3
52.3793578973308 0.365433520646088 1 4 3 3 1 7 9

octave down
52.7447914179769 0.15710491681842 silence
52.9018963347953 0.263107880956224 1 2 3 3 1 7 9

octave up
53.1650042157515 0.48085953912467 silence
53.6458637548762 0.483868286619543 1 4 3 3 1 7 9

octave down
54.1297320414957 0.334922243623963 1 2 3 3 1 7 9

nexus 5
54.4646542851197 0.130354044937589 1 2 5 3 1 7 9

nexus 3
54.5950083300573 0.333547774847785 1 2 3 3 1 7 9

octave up
54.9285561049051 0.360534567410982 1 4 3 3 1 7 9

octave down
55.2890906723161 0.38586037074261 1 2 3 3 1 7 9

octave up
55.6749510430587 0.126644560363343 1 4 3 3 1 7 9

nexus 1
55.801595603422 0.267341132759458 silence
56.0689367361815 0.438931603371734 1 4 1 3 1 7 9

idents drop 9
56.5078683395532 0.43899719805621 1 4 1 3 1 7

idents drop 7
56.9468655376094 0.147947501404223 1 4 1 3 1

octave down
57.0948130390136 0.323039158006328 1 2 1 3 1

nexus 3
57.41785219702 0.245839734834405 1 2 3 3 1

nexus 5
57.6636919318544 0.170178179775578 1 2 5 3 1

idents add 7
57.8338701116299 0.321147264190179 1 2 5 3 1 7

octave up
58.1550173758201 0.344112705815476 1 4 5 3 1 7

octave down
58.4991300816356 0.305988286772795 1 2 5 3 1 7

octave up
58.8051183684084 0.147258015357115 1 4 5 3 1 7

idents add 9
58.9523763837655 0.205229874798326 silence
59.1576062585638 0.257923873872761 1 4 5 3 1 7 9

nexus 3
59.4155301324366 0.320689937064011 1 4 3 3 1 7 9

octave down
59.7362200695006 0.183235402704597 1 2 3 3 1 7 9

idents add 5
59.9194554722052 0.278116827920114 1 2 3 3 1 7 9 5

octave up
60.1975723001253 0.173009215287252 silence
60.3705815154126 0.422445215500314 1 4 3 3 1 7 9 5

octave down
60.7930267309129 0.346573071456887 1 2 3 3 1 7 9 5

nexus 5
61.1395998023698 0.169755759806293 silence
61.3093555621761 0.324324850423675 1 2 5 3 1 7 9 5

octave up
61.6336804125997 0.418943859401621 1 4 5 3 1 7 9 5

nexus 7
62.0526242720014 0.45321514797179 silence
62.5058394199732 0.465915255543361 silence
62.9717546755165 0.425769609325668 1 4 7 3 1 7 9 5

nexus 1
63.3975242848422 0.442225257406134 1 4 1 3 1 7 9 5

octave down
63.8397495422483 0.341139087028533 1 2 1 3 1 7 9 5

octave up
64.1808886292769 0.279950176002358 silence
64.4608388052792 0.47484027935907 1 4 1 3 1 7 9 5

nexus 9
64.9356790846383 0.449600485986021 1 4 9 3 1 7 9 5

idents drop 9
65.3852795706243 0.128851607709226 1 4 9 3 1 7 5

octave down
65.5141311783335 0.307023974007237 silence
65.8211551523408 0.383790738157223 silence
66.204945890498 0.170024216403439 silence
66.3749701069014 0.396541883944647 1 2 9 3 1 7 5

nexus 7
66.7715119908461 0.367706561557074 1 2 7 3 1 7 5

octave up
67.1392185524031 0.495331328923044 silence
67.6345498813262 0.466438104485994 silence
68.1009879858122 0.164219831610813 1 4 7 3 1 7 5

octave down
68.265207817423 0.193695470831252 1 2 7 3 1 7 5

nexus 9
68.4589032882542 0.220845467458546 1 2 9 3 1 7 5

octave up
68.6797487557128 0.489863585026832 1 4 9 3 1 7 5

nexus 3
69.1696123407396 0.454483477003112 silence
69.6240958177427 0.484461365424333 1 4 3 3 1 7 5

nexus 9
70.1085571831671 0.31101248128902 1 4 9 3 1 7 5

octave down
70.4195696644561 0.358789271006399 1 2 9 3 1 7 5

octave up
70.7783589354625 0.315773689776365 1 4 9 3 1 7 5

octave down
71.0941326252388 0.320927454703033 1 2 9 3 1 7 5

idents drop 3
71.4150600799419 0.296140799644968 1 2 9 1 7 5

octave up
71.7112008795869 0.464014298569475 1 4 9 1 7 5

octave down
72.1752151781563 0.367153123523493 silence
72.5423683016798 0.142759602365599 1 2 9 1 7 5

idents drop 7
72.6851279040454 0.343465015596834 1 2 9 1 5

idents drop 5
73.0285929196423 0.327663068423777 1 2 9 1

octave up
73.356255988066 0.469125030790274 1 4 9 1

nexus 5
73.8253810188563 0.475836444684024 silence
74.3012174635403 0.354452934829605 1 4 5 1

octave down
74.6556703983699 0.354215969331151 silence
75.0098863677011 0.283082875539772 1 2 5 1

octave up
75.2929692432409 0.159850044090265 1 4 5 1

idents add 9
75.4528192873311 0.38444167198709 silence
75.8372609593182 0.168714755719064 silence
76.0059757150373 0.369846608867936 1 4 5 1 9

idents add 5
76.3758223239052 0.227228473588482 silence
76.6030507974937 0.177138989013634 1 4 5 1 9 5

idents add 7
76.7801897865073 0.21587017698196 1 4 5 1 9 5 7

octave down
76.9960599634893 0.13194542090514 1 2 5 1 9 5 7

octave up
77.1280053843944 0.376536673346305 silence
77.5045420577407 0.267869885616025 1 4 5 1 9 5 7

idents add 3
77.7724119433568 0.246149286378667 1 4 5 1 9 5 7 3

nexus 9
78.0185612297354 0.394919031842522 1 4 9 1 9 5 7 3

octave down
78.413480261578 0.438341876757125 1 2 9 1 9 5 7 3

nexus 1
78.8518221383351 0.189407850896441 1 2 1 1 9 5 7 3

idents drop 7
79.0412299892315 0.478855013909683 1 2 1 1 9 5 3

octave up
79.5200850031412 0.452428640227466 1 4 1 1 9 5 3

octave down
79.9725136433687 0.492942870178182 silence
80.4654565135469 0.154634266929504 1 2 1 1 9 5 3

octave up
80.6200907804764 0.475797368834677 1 4 1 1 9 5 3

idents drop 5
81.095888149311 0.344898456268415 silence
81.4407866055794 0.262414968177219 1 4 1 1 9 3

idents add 7
81.7032015737567 0.265095772124044 1 4 1 1 9 3 7

idents drop 3
81.9682973458807 0.402343769607206 silence
82.3706411154879 0.276416267970613 1 4 1 1 9 7

octave down
82.6470573834585 0.226189862241018 1 2 1 1 9 7

idents drop 1
82.8732472456995 0.441242554504617 silence
83.3144898002042 0.301570051680568 silence
83.6160598518847 0.149329787205158 silence
83.7653896390899 0.371183415265594 1 2 1 9 7

octave up
84.1365730543555 0.178580184568705 1 4 1 9 7

idents add 5
84.3151532389242 0.190083184429981 1 4 1 9 7 5

octave down
84.5052364233542 0.219078647835798 1 2 1 9 7 5

nexus 7
84.72431507119 0.132308626474055 1 2 7 9 7 5

idents add 3
84.856623697664 0.373131585743878 silence
85.2297552834079 0.230096427014668 1 2 7 9 7 5 3

octave up
85.4598517104226 0.14777376573371 silence
85.6076254761563 0.473066494868291 silence
86.0806919710246 0.476512933417977 silence
86.5572049044425 0.25144630793037 silence
86.8086512123729 0.41664766088758 silence
87.2252988732605 0.250156395816698 silence
87.4754552690772 0.26255079208614 1 4 7 9 7 5 3

octave down
87.7380060611633 0.158243134703636 silence
87.896249195867 0.354100395840568 silence
88.2503495917075 0.231375809495214 silence
88.4817254012028 0.159571093280112 1 2 7 9 7 5 3

idents add 1
88.6412964944829 0.443815623298237 1 2 7 9 7 5 3 1

idents drop 5
89.0851121177811 0.317348049931349 silence
89.4024601677124 0.336363708311429 silence
89.7388238760239 0.342965633050632 silence
90.0817895090745 0.246104780804774 1 2 7 9 7 3 1

idents add 5
90.3278942898793 0.485321085753677 1 2 7 9 7 3 1 5

nexus 5
90.813215375633 0.310314264231488 1 2 5 9 7 3 1 5

octave up
91.1235296398645 0.317706819215452 1 4 5 9 7 3 1 5

octave down
91.4412364590799 0.146054920033914 1 2 5 9 7 3 1 5

octave up
91.5872913791138 0.294982602901027 silence
91.8822739820149 0.403193352495897 silence
92.2854673345107 0.427316570094272 1 4 5 9 7 3 1 5

idents drop 5
92.712783904605 0.389913494839677 1 4 5 9 7 3 1

octave down
93.1026973994447 0.162281323372102 1 2 5 9 7 3 1

nexus 9
93.2649787228168 0.34297182857823 1 2 9 9 7 3 1

nexus 7
93.607950551395 0.44258461132741 silence
94.0505351627224 0.38088450639813 1 2 7 9 7 3 1

nexus 1
94.4314196691206 0.24082347760137 1 2 1 9 7 3 1

idents add 5
94.6722431467219 0.150447191845854 1 2 1 9 7 3 1 5

octave up
94.8226903385678 0.452093437744244 1 4 1 9 7 3 1 5

idents drop 9
95.274783776312 0.309038800917519 1 4 1 7 3 1 5

nexus 7
95.5838225772295 0.210442187107986 1 4 7 7 3 1 5

octave down
95.7942647643375 0.174038396696657 1 2 7 7 3 1 5

octave up
95.9683031610342 0.326191939188464 1 4 7 7 3 1 5

idents drop 5
96.2944951002226 0.17191242120813 1 4 7 7 3 1

octave down
96.4664075214308 0.381385371609879 1 2 7 7 3 1

octave up
96.8477928930407 0.288289997060794 silence
97.1360828901014 0.337686872909159 1 4 7 7 3 1

octave down
97.4737697630106 0.447950293804669 1 2 7 7 3 1

nexus 5
97.9217200568153 0.349754882132213 1 2 5 7 3 1

octave up
98.2714749389475 0.231760933453376 silence
98.5032358724009 0.371555442668031 1 4 5 7 3 1

idents add 5
98.8747913150689 0.380801490349532 1 4 5 7 3 1 5

octave down
99.2555928054184 0.239032222147494 silence
99.4946250275659 0.282610047073664 1 2 5 7 3 1 5

nexus 7
99.7772350746396 0.169289214384463 1 2 7 7 3 1 5

nexus 1
99.946524289024 0.211526936819946 silence
100.158051225844 0.394667543635099 1 2 1 7 3 1 5

nexus 3
100.552718769479 0.278077436028449 silence
100.830796205508 0.492609704992177 1 2 3 7 3 1 5

nexus 5
101.3234059105 0.459466150061707 silence
101.782872060561 0.36063121317134 silence
102.143503273733 0.172099453155572 1 2 5 7 3 1 5

idents drop 5
102.315602726888 0.442136238421741 1 2 5 7 3 1

idents drop 1
102.75773896531 0.345356007934595 1 2 5 7 3

octave up
103.103094973245 0.203729463366172 1 4 5 7 3

octave down
103.306824436611 0.199734559385191 1 2 5 7 3

nexus 1
103.506558995996 0.161651842666677 silence
103.668210838663 0.416815166035517 silence
104.085026004698 0.361672515163857 1 2 1 7 3

octave up
104.446698519862 0.18944605669207 1 4 1 7 3

idents drop 3
104.636144576554 0.46823287761785 1 4 1 7

octave down
105.104377454172 0.414764112977301 silence
105.519141567149 0.207348373667491 silence
105.726489940817 0.394818569691535 silence
106.121308510508 0.387426742768024 1 2 1 7

octave up
106.508735253276 0.49257813078295 1 4 1 7

idents add 5
107.001313384059 0.465957922102164 1 4 1 7 5

octave down
107.467271306161 0.458261592840373 silence
107.925532899002 0.320469921025768 1 2 1 7 5

idents drop 5
108.246002820028 0.457072185621486 1 2 1 7

octave up
108.703075005649 0.232106967530374 silence
108.935181973179 0.353551277235829 1 4 1 7

idents add 5
109.288733250415 0.392595414432238 silence
109.681328664848 0.40315794697568 silence
110.084486611823 0.424165386481562 1 4 1 7 5

idents add 3
110.508651998305 0.221116883288111 1 4 1 7 5 3

nexus 9
110.729768881593 0.419697554855451 silence
111.149466436448 0.325537985553641 1 4 9 7 5 3

octave down
111.475004422002 0.448454717666333 silence
111.923459139668 0.234783772035895 silence
112.158242911704 0.21630743988255 silence
112.374550351587 0.474755946784225 silence
112.849306298371 0.147644276469669 silence
112.996950574841 0.238480502099046 1 2 9 7 5 3

idents add 9
113.23543107694 0.446250460823904 1 2 9 7 5 3 9

nexus 1
113.681681537764 0.362316545842543 silence
114.043998083606 0.430938623761224 silence
114.474936707367 0.166626480338509 1 2 1 7 5 3 9

idents add 1
114.641563187706 0.16838917803692 silence
114.809952365743 0.459110423879463 1 2 1 7 5 3 9 1

octave up
115.269062789622 0.201296096590547 1 4 1 7 5 3 9 1

octave down
115.470358886213 0.287526325688051 1 2 1 7 5 3 9 1

octave up
115.757885211901 0.351691198238244 1 4 1 7 5 3 9 1

octave down
116.109576410139 0.284856513129497 1 2 1 7 5 3 9 1

octave up
116.394432923269 0.158112737021287 1 4 1 7 5 3 9 1

idents drop 1
116.55254566029 0.442668424095397 silence
116.995214084385 0.134973692556338 1 4 1 7 5 3 9

octave down
117.130187776942 0.162673445500087 silence
117.292861222442 0.376621882274342 1 2 1 7 5 3 9

idents drop 7
117.669483104716 0.224857203018335 1 2 1 5 3 9

octave up
117.894340307734 0.202998073925889 1 4 1 5 3 9

nexus 9
118.09733838166 0.163902514891338 silence
118.261240896552 0.134651451782326 silence
118.395892348334 0.318456625169663 silence
118.714348973504 0.29968893667658 1 4 9 5 3 9

octave down
119.01403791018 0.167484070485614 1 2 9 5 3 9

nexus 1
119.181521980666 0.453834254667292 1 2 1 5 3 9

nexus 3
119.635356235333 0.471252230173467 silence
120.106608465507 0.238620611890273 1 2 3 5 3 9

nexus 1
120.345229077397 0.188530429406466 1 2 1 5 3 9

octave up
120.533759506803 0.246312307477646 silence
120.780071814281 0.344034083484026 1 4 1 5 3 9

octave down
121.124105897765 0.361793097167861 1 2 1 5 3 9

nexus 3
121.485898994933 0.152052033304511 1 2 3 5 3 9

nexus 1
121.637951028237 0.367040405836896 1 2 1 5 3 9

octave up
122.004991434074 0.325196245799967 1 4 1 5 3 9

octave down
122.330187679874 0.251665379298097 silence
122.581853059172 0.494336374231719 1 2 1 5 3 9

idents drop 9
123.076189433404 0.234033916778265 1 2 1 5 3

idents drop 3
123.310223350182 0.485282300142328 1 2 1 5

nexus 3
123.795505650325 0.355399955951623 silence
124.150905606276 0.241864668288354 1 2 3 5

nexus 5
124.392770274565 0.41314047138808 1 2 5 5

octave up
124.805910745953 0.328579195087774 1 4 5 5

nexus 7
125.13448994104 0.450559774299182 1 4 7 5

octave down
125.58504971534 0.49909511265121 1 2 7 5

octave up
126.084144827991 0.304605534888004 1 4 7 5

octave down
126.388750362879 0.439679423413479 silence
126.828429786292 0.287560662445356 1 2 7 5

nexus 1
127.115990448738 0.205110118412989 1 2 1 5

idents add 3
127.321100567151 0.220623566455341 silence
127.541724133606 0.411165608631903 silence
127.952889742238 0.366905986311389 1 2 1 5 3

idents drop 5
128.319795728549 0.264686947486759 1 2 1 3

octave up
128.584482676036 0.445105633745161 1 4 1 3

nexus 3
129.029588309781 0.194406471934554 1 4 3 3

nexus 7
129.223994781716 0.125327267026276 silence
129.349322048742 0.327933021905434 1 4 7 3

idents add 9
129.677255070647 0.262791134340638 1 4 7 3 9

octave down
129.940046204988 0.468611304321219 1 2 7 3 9

nexus 3
130.408657509309 0.19546932427746 silence
130.604126833587 0.374834120522285 1 2 3 3 9

octave up
130.978960954109 0.178763114807249 1 4 3 3 9

nexus 5
131.157724068916 0.499520735514555 silence
131.657244804431 0.422429390340543 silence
132.079674194771 0.41532528652959 silence
132.494999481301 0.219274223529007 1 4 5 3 9

nexus 1
132.71427370483 0.186887138980025 1 4 1 3 9

nexus 7
132.90116084381 0.268717465789799 1 4 7 3 9

octave down
133.1698783096 0.183116322712068 1 2 7 3 9

octave up
133.352994632312 0.179068750069661 1 4 7 3 9

octave down
133.532063382382 0.232575242249862 silence
133.764638624631 0.4971788161209 silence
134.261817440752 0.424338407211503 1 2 7 3 9

nexus 5
134.686155847964 0.493805967982614 1 2 5 3 9

octave up
135.179961815946 0.135119790195302 silence
135.315081606142 0.274836049850848 silence
135.589917655993 0.295518635774083 silence
135.885436291767 0.389438247104677 silence
136.274874538871 0.363876740544393 silence
136.638751279416 0.139933097760402 1 4 5 3 9

octave down
136.778684377176 0.377461374157291 1 2 5 3 9

idents add 7
137.156145751333 0.468439664866731 1 2 5 3 9 7

idents drop 3
137.6245854162 0.324445997871049 1 2 5 9 7

nexus 1
137.949031414071 0.335330054141771 1 2 1 9 7

octave up
138.284361468213 0.421969414518453 1 4 1 9 7

octave down
138.706330882731 0.461468552098562 silence
139.16779943483 0.370705578245419 1 2 1 9 7

idents drop 9
139.538505013075 0.126094482788891 1 2 1 7

nexus 7
139.664599495864 0.316884528139743 1 2 7 7

octave up
139.981484024004 0.467109757417747 silence
140.448593781422 0.170800202419711 silence
140.619393983841 0.20277664597937 silence
140.822170629821 0.465685500839693 silence
141.28785613066 0.165990154019026 silence
141.45384628468 0.334799989945958 silence
141.788646274625 0.231267643020584 silence
142.019913917646 0.416111128555051 1 4 7 7

octave down
142.436025046201 0.195843676796257 1 2 7 7

octave up
142.631868722997 0.38734754238212 silence
143.019216265379 0.26448799075986 silence
143.283704256139 0.4516824063184 silence
143.735386662458 0.263656488304901 silence
143.999043150763 0.207941978584103 1 4 7 7

idents add 3
144.206985129347 0.433615662809839 1 4 7 7 3

octave down
144.640600792157 0.451787020982407 1 2 7 7 3

octave up
145.092387813139 0.363055741096729 1 4 7 7 3

octave down
145.455443554236 0.223308608704263 1 2 7 7 3

octave up
145.67875216294 0.234371968654069 silence
145.913124131594 0.248869370995057 silence
146.161993502589 0.17199726957967 silence
146.333990772169 0.454574248462183 silence
146.788565020631 0.218315339392993 1 4 7 7 3

octave down
147.006880360024 0.317266964215478 silence
147.324147324239 0.207303166393658 1 2 7 7 3

nexus 1
147.531450490633 0.40132841101757 silence
147.932778901651 0.158041569647686 1 2 1 7 3

nexus 7
148.090820471298 0.142910036439117 1 2 7 7 3

nexus 3
148.233730507737 0.215486420688082 silence
148.449216928426 0.350909340117509 silence
148.800126268543 0.362185420036142 1 2 3 7 3

idents drop 7
149.162311688579 0.356509790211667 1 2 3 3

octave up
149.518821478791 0.318699653695218 1 4 3 3

nexus 7
149.837521132486 0.155113584891784 1 4 7 3

octave down
149.992634717378 0.450954536934617 silence
150.443589254312 0.294619311818315 silence
150.738208566131 0.269034915914821 1 2 7 3

octave up
151.007243482046 0.144038709700744 1 4 7 3

idents add 9
151.151282191746 0.273101644838366 1 4 7 3 9

nexus 9
151.424383836585 0.483826170951795 silence
151.908210007537 0.150605702822305 1 4 9 3 9

octave down
152.058815710359 0.345446677795758 silence
152.404262388155 0.474444540717638 silence
152.878706928872 0.376361810049211 1 2 9 3 9

idents add 1
153.255068738921 0.174038670710119 silence
153.429107409632 0.396800937685843 silence
153.825908347317 0.237831448077699 silence
154.063739795395 0.356848927733 1 2 9 3 9 1

octave up
154.420588723128 0.430996577607541 1 4 9 3 9 1

idents drop 3
154.851585300736 0.282467961973806 1 4 9 9 1

octave down
155.134053262709 0.297923197573541 1 2 9 9 1

idents add 5
155.431976460283 0.197771242499351 1 2 9 9 1 5

octave up
155.629747702782 0.136937824110887 1 4 9 9 1 5

idents drop 1
155.766685526893 0.188407136370089 1 4 9 9 5

octave down
155.955092663263 0.260629428239648 silence
156.215722091503 0.497814299075881 silence
156.713536390579 0.43990250383127 silence
157.15343889441 0.493727732237213 silence
157.647166626647 0.493895045544723 silence
158.141061672192 0.233328320894735 silence
158.374389993087 0.315149256503875 1 2 9 9 5

octave up
158.689539249591 0.303755203487095 silence
158.993294453078 0.499066411049797 1 4 9 9 5

octave down
159.492360864128 0.412386153608588 1 2 9 9 5

idents add 3
159.904747017736 0.386119703888979 1 2 9 9 5 3

octave up
160.290866721625 0.279082901797454 1 4 9 9 5 3

idents add 7
160.569949623423 0.388709853487452 1 4 9 9 5 3 7

idents drop 9
160.95865947691 0.248618361233868 silence
161.207277838144 0.491748606694888 1 4 9 5 3 7

octave down
161.699026444839 0.322869593382199 silence
162.021896038221 0.298388538595117 1 2 9 5 3 7

idents drop 5
162.320284576816 0.38330268808427 1 2 9 3 7

idents add 5
162.7035872649 0.409288735183774 silence
163.112876000084 0.132946199004508 1 2 9 3 7 5

idents add 9
163.245822199089 0.228505290839798 silence
163.474327489928 0.225218190753575 1 2 9 3 7 5 9

octave up
163.699545680682 0.166761304318764 1 4 9 3 7 5 9

nexus 5
163.866306985001 0.223587279295225 silence
164.089894264296 0.485437486215016 1 4 5 3 7 5 9

nexus 7
164.575331750511 0.197377048348618 1 4 7 3 7 5 9

octave down
164.77270879886 0.288686511426089 1 2 7 3 7 5 9

octave up
165.061395310286 0.3413536846681 silence
165.402748994954 0.214198172730987 silence
165.616947167685 0.256102146140405 1 4 7 3 7 5 9

octave down
165.873049313825 0.394968077820053 1 2 7 3 7 5 9

octave up
166.268017391645 0.194556103619214 silence
166.462573495264 0.436116043006614 1 4 7 3 7 5 9

idents add 1
166.898689538271 0.16439921331741 1 4 7 3 7 5 9 1

octave down
167.063088751588 0.169956143876426 1 2 7 3 7 5 9 1

nexus 3
167.233044895465 0.205136177097697 1 2 3 3 7 5 9 1

nexus 9
167.438181072563 0.388132348261672 silence
167.826313420824 0.238453716087655 1 2 9 3 7 5 9 1

idents drop 5
168.064767136912 0.47377147884923 1 2 9 3 7 9 1

octave up
168.538538615761 0.229438730896741 1 4 9 3 7 9 1

octave down
168.767977346658 0.417492822565559 1 2 9 3 7 9 1

octave up
169.185470169223 0.348049627464257 silence
169.533519796688 0.390870252831672 silence
169.924390049519 0.441198016629151 1 4 9 3 7 9 1

octave down
170.365588066148 0.314463877414003 silence
170.680051943562 0.437497326271024 silence
171.117549269834 0.136290744059503 silence
171.253840013893 0.402492748712079 silence
171.656332762605 0.329868518813512 1 2 9 3 7 9 1

octave up
171.986201281419 0.141666567349697 1 4 9 3 7 9 1

octave down
172.127867848768 0.349995760845512 1 2 9 3 7 9 1

nexus 3
172.477863609614 0.194798914856415 silence
172.67266252447 0.244847534327743 silence
172.917510058798 0.307459627323332 1 2 3 3 7 9 1

nexus 1
173.224969686121 0.280171777764341 1 2 1 3 7 9 1

octave up
173.505141463886 0.498568972960028 1 4 1 3 7 9 1

idents add 5
174.003710436846 0.374830072308289 1 4 1 3 7 9 1 5

octave down
174.378540509154 0.339037299607183 silence
174.717577808761 0.359833841988342 silence
175.077411650749 0.148124180318615 silence
175.225535831068 0.211633207480098 silence
175.437169038548 0.28456900455654 1 2 1 3 7 9 1 5

nexus 5
175.721738043105 0.354492169844301 1 2 5 3 7 9 1 5

octave up
176.076230212949 0.193921393150965 1 4 5 3 7 9 1 5

idents drop 9
176.2701516061 0.274552479522128 1 4 5 3 7 1 5

octave down
176.544704085622 0.354547275777275 1 2 5 3 7 1 5

idents drop 3
176.899251361399 0.171091528026385 silence
177.070342889426 0.210251018411558 silence
177.280593907837 0.257755576802249 1 2 5 7 1 5

nexus 3
177.53834948464 0.252868212488308 1 2 3 7 1 5

idents drop 7
177.791217697128 0.401917048480236 silence
178.193134745608 0.21548151757992 silence
178.408616263188 0.289857664362961 silence
178.698473927551 0.439887265199105 1 2 3 1 5

nexus 9
179.13836119275 0.226286385410646 1 2 9 1 5

idents drop 1
179.364647578161 0.253698337973677 1 2 9 5

octave up
179.618345916134 0.406607027233499 1 4 9 5

octave down
180.024952943368 0.250781817315872 1 2 9 5

nexus 5
180.275734760684 0.477276806292037 1 2 5 5

nexus 9
180.753011566976 0.194722435869576 1 2 9 5

octave up
180.947734002845 0.163609464456366 1 4 9 5

idents add 3
181.111343467302 0.166704766458713 1 4 9 5 3

octave down
181.27804823376 0.191979725730222 1 2 9 5 3

nexus 1
181.470027959491 0.44076119091701 1 2 1 5 3

idents drop 3
181.910789150408 0.432131933033027 1 2 1 5

octave up
182.342921083441 0.247403523342602 1 4 1 5

octave down
182.590324606783 0.19573704381183 1 2 1 5

idents add 7
182.786061650595 0.412232989783669 silence
183.198294640379 0.326036646470353 silence
183.524331286849 0.135127127143881 1 2 1 5 7

octave up
183.659458413993 0.47058036391037 1 4 1 5 7

idents add 9
184.130038777903 0.175020120537028 silence
184.30505889844 0.295033969800983 1 4 1 5 7 9

nexus 5
184.600092868241 0.302779033147793 1 4 5 5 7 9

nexus 1
184.902871901389 0.250001837980339 silence
185.15287373937 0.216055124447198 1 4 1 5 7 9

nexus 3
185.368928863817 0.449376079766846 1 4 3 5 7 9

nexus 5
185.818304943584 0.375468627444811 silence
186.193773571028 0.414368725511714 silence
186.60814229654 0.32584238711746 silence
186.933984683658 0.446309285747118 1 4 5 5 7 9

idents add 1
187.380293969405 0.249319756045622 1 4 5 5 7 9 1

idents add 3
187.62961372545 0.346813900129257 1 4 5 5 7 9 1 3

octave down
187.97642762558 0.44223517451191 silence
188.418662800091 0.331874983488019 silence
188.750537783579 0.30343815452028 1 2 5 5 7 9 1 3

idents drop 5
189.0539759381 0.357958112464353 1 2 5 7 9 1 3

octave up
189.411934050564 0.252236948014258 silence
189.664170998578 0.126988774751027 silence
189.791159773329 0.423898493656046 1 4 5 7 9 1 3

octave down
190.215058266985 0.217508859331777 silence
190.432567126317 0.452394148841031 silence
190.884961275158 0.254888450465319 1 2 5 7 9 1 3

octave up
191.139849725624 0.355405949626814 silence
191.49525567525 0.315807697618857 silence
191.811063372869 0.393623395709787 1 4 5 7 9 1 3

idents add 5
192.204686768579 0.351211409408311 1 4 5 7 9 1 3 5

idents drop 5
192.555898177987 0.223440800899961 silence
192.779338978887 0.1673083966904 1 4 5 7 9 1 3

idents add 5
192.946647375578 0.390166775898009 silence
193.336814151476 0.149212664380075 1 4 5 7 9 1 3 5

octave down
193.486026815856 0.333107353851092 1 2 5 7 9 1 3 5

nexus 1
193.819134169707 0.185158796098079 silence
194.004292965805 0.246311266786338 1 2 1 7 9 1 3 5

octave up
194.250604232591 0.371530653831444 1 4 1 7 9 1 3 5

octave down
194.622134886423 0.480104765596436 1 2 1 7 9 1 3 5

nexus 7
195.102239652019 0.311505147104174 silence
195.413744799123 0.457509894828776 1 2 7 7 9 1 3 5

octave up
195.871254693952 0.256427806968588 silence
196.127682500921 0.314432161608041 silence
196.442114662529 0.146179151569468 silence
196.588293814098 0.485475204731828 silence
197.07376901883 0.366878517884767 1 4 7 7 9 1 3 5

idents drop 1
197.440647536715 0.40399723216986 1 4 7 7 9 3 5

nexus 1
197.844644768885 0.320989950050247 1 4 1 7 9 3 5

idents drop 9
198.165634718935 0.396213512915559 silence
198.56184823185 0.409836455513478 1 4 1 7 3 5

idents drop 5
198.971684687364 0.272037908315605 silence
199.24372259568 0.289672638317627 silence
199.533395233997 0.407521319962285 1 4 1 7 3

idents add 5
199.940916553959 0.301613284193311 1 4 1 7 3 5

octave down
200.242529838153 0.261283141826246 silence
200.503812979979 0.377285115171718 1 2 1 7 3 5

idents add 1
200.881098095151 0.146512749764365 1 2 1 7 3 5 1

idents add 9
201.027610844915 0.352806122326828 1 2 1 7 3 5 1 9

octave up
201.380416967242 0.137238179399922 1 4 1 7 3 5 1 9

octave down
201.517655146642 0.336762294394142 1 2 1 7 3 5 1 9

nexus 5
201.854417441036 0.288149510243031 1 2 5 7 3 5 1 9

octave up
202.142566951279 0.494549498007506 1 4 5 7 3 5 1 9

octave down
202.637116449287 0.200312923863721 silence
202.83742937315 0.166690608904759 silence
203.004119982055 0.137097082160941 silence
203.141217064216 0.23930270352705 1 2 5 7 3 5 1 9

octave up
203.380519767743 0.315539618146193 silence
203.696059385889 0.157099715961286 1 4 5 7 3 5 1 9

octave down
203.853159101851 0.131702933231869 1 2 5 7 3 5 1 9

nexus 9
203.984862035082 0.390724681539129 1 2 9 7 3 5 1 9

octave up
204.375586716622 0.186878867232017 silence
204.562465583854 0.46664793607585 1 4 9 7 3 5 1 9

octave down
205.029113519929 0.34597125448359 silence
205.375084774413 0.483901827574036 silence
205.858986601987 0.286096516145578 1 2 9 7 3 5 1 9

octave up
206.145083118133 0.473174725088026 1 4 9 7 3 5 1 9

nexus 1
206.618257843221 0.315652460207906 1 4 1 7 3 5 1 9

nexus 3
206.933910303429 0.243886647160172 silence
207.177796950589 0.227306524328282 silence
207.405103474917 0.383768399404186 silence
207.788871874321 0.334536028886421 silence
208.123407903208 0.3251339543112 1 4 3 7 3 5 1 9

octave down
208.448541857519 0.198414619027303 1 2 3 7 3 5 1 9

octave up
208.646956476546 0.40329061901291 1 4 3 7 3 5 1 9

octave down
209.050247095559 0.459687110706473 silence
209.509934206265 0.253863893566062 silence
209.763798099832 0.497101939658565 1 2 3 7 3 5 1 9

octave up
210.26090003949 0.192013348681757 1 4 3 7 3 5 1 9

octave down
210.452913388172 0.257748588215221 1 2 3 7 3 5 1 9

octave up
210.710661976387 0.194657115711169 silence
210.905319092098 0.351152031631246 silence
211.25647112373 0.271348972650409 1 4 3 7 3 5 1 9

idents drop 5
211.52782009638 0.202323994312196 1 4 3 7 3 1 9

idents drop 9
211.730144090692 0.401101729593977 silence
212.131245820286 0.404088754679827 1 4 3 7 3 1

idents drop 7
212.535334574966 0.244453639994016 1 4 3 3 1

nexus 9
212.77978821496 0.143863257496075 silence
212.923651472456 0.463335802374202 silence
213.38698727483 0.356836851783876 1 4 9 3 1

octave down
213.743824126614 0.149197240148148 1 2 9 3 1

nexus 3
213.893021366762 0.285250916152525 1 2 3 3 1

octave up
214.178272282915 0.343808879791673 1 4 3 3 1

octave down
214.522081162706 0.203901007925757 silence
214.725982170632 0.48198368655269 silence
215.207965857185 0.43488907282016 1 2 3 3 1

idents drop 1
215.642854930005 0.323695307121117 silence
215.966550237126 0.150104226611731 1 2 3 3

octave up
216.116654463738 0.176278741900325 1 4 3 3

idents add 1
216.292933205638 0.449359213091117 1 4 3 3 1

octave down
216.742292418729 0.173545633844188 1 2 3 3 1

octave up
216.915838052574 0.278701143131565 1 4 3 3 1

nexus 1
217.194539195705 0.182096679334164 1 4 1 3 1

octave down
217.376635875039 0.460132964693167 silence
217.836768839732 0.465973974608453 silence
218.302742814341 0.146706370830272 silence
218.449449185171 0.373576393228857 1 2 1 3 1

octave up
218.8230255784 0.161693807343897 1 4 1 3 1

octave down
218.984719385744 0.453213587291398 1 2 1 3 1

nexus 3
219.437932973035 0.395691774903815 1 2 3 3 1

idents add 9
219.833624747939 0.334255138660637 silence
220.1678798866 0.228353919876528 1 2 3 3 1 9

nexus 9
220.396233806476 0.392361535392052 1 2 9 3 1 9

octave up
220.788595341868 0.134312615660992 silence
220.922907957529 0.17933054008565 1 4 9 3 1 9

octave down
221.102238497615 0.445785195280152 1 2 9 3 1 9

octave up
221.548023692895 0.247732591995522 1 4 9 3 1 9

nexus 7
221.795756284891 0.492147735795659 silence
222.287904020686 0.290402414576977 1 4 7 3 1 9

nexus 9
222.578306435263 0.43297467933274 1 4 9 3 1 9

octave down
223.011281114596 0.384987369571143 1 2 9 3 1 9

octave up
223.396268484167 0.361755491385882 silence
223.758023975553 0.408437603974178 1 4 9 3 1 9

nexus 5
224.166461579527 0.498756481780359 1 4 5 3 1 9

octave down
224.665218061308 0.147506841915253 1 2 5 3 1 9

octave up
224.812724903223 0.328062997027837 1 4 5 3 1 9

octave down
225.140787900251 0.274173426426012 1 2 5 3 1 9

idents drop 3
225.414961326677 0.478978901380021 silence
225.893940228057 0.445109911939161 silence
226.339050139996 0.415207179436054 1 2 5 1 9

octave up
226.754257319432 0.454560242985835 1 4 5 1 9

octave down
227.208817562418 0.135198068562826 1 2 5 1 9

octave up
227.344015630981 0.212440716617976 1 4 5 1 9

octave down
227.556456347599 0.21263352424458 1 2 5 1 9

octave up
227.769089871843 0.213552362564462 silence
227.982642234408 0.337175553108904 1 4 5 1 9

nexus 3
228.319817787517 0.182629171707125 silence
228.502446959224 0.448104639701377 1 4 3 1 9

nexus 9
228.950551598925 0.350424710543076 1 4 9 1 9

octave down
229.300976309468 0.259844868973214 1 2 9 1 9

idents drop 9
229.560821178441 0.282882589595241 1 2 9 1

octave up
229.843703768037 0.371347514591021 1 4 9 1

nexus 5
230.215051282628 0.209694139923271 silence
230.424745422551 0.136143666099402 1 4 5 1

octave down
230.56088908865 0.225712914446836 1 2 5 1

octave up
230.786602003097 0.377191998041716 1 4 5 1

octave down
231.163794001139 0.304465431945729 1 2 5 1

octave up
231.468259433085 0.3549547049488 1 4 5 1

octave down
231.823214138033 0.346617442783369 1 2 5 1

octave up
232.169831580817 0.395772525875495 1 4 5 1

nexus 9
232.565604106692 0.369949963586756 1 4 9 1

octave down
232.935554070279 0.373231648240454 1 2 9 1

nexus 1
233.308785718519 0.35614763474103 1 2 1 1

octave up
233.66493335326 0.259129499296076 silence
233.924062852557 0.214524255686341 1 4 1 1

octave down
234.138587108243 0.383719329788066 1 2 1 1

octave up
234.522306438031 0.437362379502122 silence
234.959668817533 0.263031196172383 1 4 1 1

nexus 7
235.222700013705 0.311826229480724 1 4 7 1

octave down
235.534526243186 0.20152950211597 silence
235.736055745302 0.169766634225296 1 2 7 1

idents add 7
235.905822379527 0.13440908927195 silence
236.040231468799 0.398597422634685 1 2 7 1 7

nexus 5
236.438828891434 0.196817013381708 1 2 5 1 7

octave up
236.635645904816 0.498931719804276 1 4 5 1 7

octave down
237.13457762462 0.276833685307483 1 2 5 1 7

nexus 3
237.411411309928 0.355229191230666 1 2 3 1 7

octave up
237.766640501158 0.489911722750046 1 4 3 1 7

octave down
238.256552223908 0.342031020006358 1 2 3 1 7

octave up
238.598583243915 0.414654494276086 1 4 3 1 7

nexus 7
239.013237738191 0.439504505082597 silence
239.452742243273 0.369652301082784 1 4 7 1 7

nexus 9
239.822394544356 0.366101225482843 1 4 9 1 7

nexus 1
240.188495769839 0.269300046050908 1 4 1 1 7

octave down
240.45779581589 0.254152085021358 1 2 1 1 7

octave up
240.711947900911 0.283525549451712 1 4 1 1 7

nexus 7
240.995473450363 0.221570719347906 1 4 7 1 7

nexus 9
241.217044169711 0.410153948134228 1 4 9 1 7

nexus 5
241.627198117845 0.220668201758617 1 4 5 1 7

nexus 3
241.847866319604 0.242021730391585 1 4 3 1 7

idents add 5
242.089888049995 0.481469301057517 1 4 3 1 7 5

nexus 7
242.571357351053 0.252545619320089 1 4 7 1 7 5

octave down
242.823902970373 0.417326431252213 1 2 7 1 7 5

nexus 3
243.241229401625 0.259327327665412 1 2 3 1 7 5

nexus 5
243.500556729291 0.343278687444002 1 2 5 1 7 5

idents add 3
243.843835416735 0.34873332598782 1 2 5 1 7 5 3

nexus 7
244.192568742722 0.218863658166117 1 2 7 1 7 5 3

idents add 9
244.411432400888 0.262339332489063 1 2 7 1 7 5 3 9

octave up
244.673771733378 0.388210432399411 1 4 7 1 7 5 3 9

octave down
245.061982165777 0.206887803465575 1 2 7 1 7 5 3 9

octave up
245.268869969243 0.275280662929355 1 4 7 1 7 5 3 9

octave down
245.544150632172 0.384622777188854 1 2 7 1 7 5 3 9

octave up
245.928773409361 0.176473251974615 1 4 7 1 7 5 3 9

octave down
246.105246661335 0.258760077773018 1 2 7 1 7 5 3 9

nexus 1
246.364006739108 0.172499648622877 silence
246.536506387731 0.276723070582607 1 2 1 1 7 5 3 9

nexus 7
246.813229458314 0.243651040663067 1 2 7 1 7 5 3 9

idents drop 3
247.056880498977 0.473238291450407 1 2 7 1 7 5 9

octave up
247.530118790427 0.206008431279219 1 4 7 1 7 5 9

nexus 1
247.736127221707 0.133797468923972 1 4 1 1 7 5 9

octave down
247.869924690631 0.292283310803142 silence
248.162208001434 0.160064857071772 1 2 1 1 7 5 9

nexus 5
248.322272858505 0.430452183658531 silence
248.752725042164 0.434978233070932 1 2 5 1 7 5 9

idents drop 5
249.187703275235 0.396864295489188 1 2 5 1 7 9

octave up
249.584567570724 0.477064320324127 1 4 5 1 7 9

octave down
250.061631891048 0.145630640483881 1 2 5 1 7 9

octave up
250.207262531532 0.234988821292077 1 4 5 1 7 9

octave down
250.442251352824 0.181600517974902 1 2 5 1 7 9

idents drop 7
250.623851870799 0.385393561473248 1 2 5 1 9

nexus 9
251.009245432272 0.346413281244678 1 2 9 1 9

nexus 7
251.355658713517 0.408718259332374 silence
251.764376972849 0.158095998909661 1 2 7 1 9

octave up
251.922472971759 0.425965218813485 1 4 7 1 9

idents drop 9
252.348438190572 0.300050390183195 1 4 7 1

idents add 5
252.648488580756 0.227236282178357 1 4 7 1 5

octave down
252.875724862934 0.361111399720023 1 2 7 1 5

nexus 9
253.236836262654 0.228916905468601 silence
253.465753168123 0.444166327555659 1 2 9 1 5

octave up
253.909919495678 0.139537978498329 1 4 9 1 5

nexus 7
254.049457474177 0.131362047219253 silence
254.180819521396 0.283113032449635 silence
254.463932553846 0.310443956324885 1 4 7 1 5

nexus 3
254.77437651017 0.324156486279053 1 4 3 1 5

octave down
255.09853299645 0.44813049593636 1 2 3 1 5

octave up
255.546663492386 0.154267504296357 silence
255.700930996682 0.42937388347589 1 4 3 1 5

octave down
256.130304880158 0.454213844387394 silence
256.584518724545 0.39462183220116 1 2 3 1 5

octave up
256.979140556747 0.455650253636732 silence
257.434790810383 0.193852062155078 silence
257.628642872538 0.322727036142869 1 4 3 1 5

nexus 5
257.951369908681 0.298749681452833 1 4 5 1 5

octave down
258.250119590134 0.149198095332937 1 2 5 1 5

octave up
258.399317685467 0.312369184983044 1 4 5 1 5

idents drop 1
258.71168687045 0.452207514882007 1 4 5 5

octave down
259.163894385332 0.35100738847 1 2 5 5

idents add 9
259.514901773802 0.187035773682575 1 2 5 5 9

idents drop 9
259.701937547485 0.462624839666308 1 2 5 5

octave up
260.164562387151 0.393920841624519 1 4 5 5

octave down
260.558483228776 0.190387392905319 1 2 5 5

octave up
260.748870621681 0.212091258706489 1 4 5 5

nexus 1
260.960961880387 0.376533340241563 1 4 1 5

octave down
261.337495220629 0.140753461988495 1 2 1 5

octave up
261.478248682617 0.49090252151101 1 4 1 5

nexus 5
261.969151204128 0.292096521781528 silence
262.26124772591 0.313578968099939 1 4 5 5

octave down
262.57482669401 0.330961107557356 1 2 5 5

octave up
262.905787801567 0.135672384797392 1 4 5 5

octave down
263.041460186365 0.35984805380707 silence
263.401308240172 0.221984570799996 1 2 5 5

idents add 7
263.623292810972 0.343625347236215 1 2 5 5 7

octave up
263.966918158208 0.431311816437489 1 4 5 5 7

idents add 1
264.398229974645 0.307646476789517 1 4 5 5 7 1

octave down
264.705876451435 0.389637468763762 silence
265.095513920199 0.197010394814998 1 2 5 5 7 1

octave up
265.292524315014 0.213405769578407 1 4 5 5 7 1

octave down
265.505930084592 0.423115185853732 1 2 5 5 7 1

octave up
265.929045270446 0.207438253932387 silence
266.136483524378 0.445530910069801 1 4 5 5 7 1

nexus 7
266.582014434448 0.190990806122475 1 4 7 5 7 1

idents add 3
266.77300524057 0.240411351921166 1 4 7 5 7 1 3

nexus 9
267.013416592492 0.251974757749053 1 4 9 5 7 1 3

nexus 7
267.265391350241 0.227765060350632 1 4 7 5 7 1 3

octave down
267.493156410591 0.367568590831114 1 2 7 5 7 1 3

octave up
267.860725001422 0.145955469641653 1 4 7 5 7 1 3

octave down
268.006680471064 0.377020319748621 silence
268.383700790813 0.427399012394428 1 2 7 5 7 1 3

nexus 3
268.811099803207 0.307173125392984 1 2 3 5 7 1 3

octave up
269.1182729286 0.293202437009987 1 4 3 5 7 1 3

idents drop 7
269.41147536561 0.325682090330297 1 4 3 5 1 3

octave down
269.73715745594 0.265421779807141 1 2 3 5 1 3

idents drop 1
270.002579235747 0.147169647778904 1 2 3 5 3

idents add 9
270.149748883526 0.188978080943081 1 2 3 5 3 9

idents drop 9
270.338726964469 0.378882252678326 1 2 3 5 3

octave up
270.717609217148 0.160544841956221 1 4 3 5 3

nexus 9
270.878154059104 0.458366214632169 1 4 9 5 3

octave down
271.336520273736 0.244418380815663 1 2 9 5 3

nexus 3
271.580938654552 0.305905169471601 1 2 3 5 3

idents drop 3
271.886843824023 0.147546068400494 1 2 3 5

idents add 9
272.034389892424 0.24416288476522 1 2 3 5 9

octave up
272.278552777189 0.308705106835868 1 4 3 5 9

nexus 5
272.587257884025 0.345103661852191 1 4 5 5 9

octave down
272.932361545877 0.198650957101045 1 2 5 5 9

octave up
273.131012502978 0.154924167208365 1 4 5 5 9

idents drop 9
273.285936670187 0.221571362993274 1 4 5 5

octave down
273.50750803318 0.156117080173029 silence
273.663625113353 0.274026722069084 1 2 5 5

idents add 1
273.937651835422 0.202352698790036 1 2 5 5 1

octave up
274.140004534212 0.315943181971761 1 4 5 5 1

octave down
274.455947716184 0.21505114046011 1 2 5 5 1

idents add 3
274.670998856644 0.388048888000945 1 2 5 5 1 3

octave up
275.059047744645 0.496448931283893 1 4 5 5 1 3

idents add 9
275.555496675929 0.179918956157743 1 4 5 5 1 3 9

octave down
275.735415632087 0.155423198423035 1 2 5 5 1 3 9

octave up
275.89083883051 0.269287803481334 1 4 5 5 1 3 9

idents add 7
276.160126633991 0.323739079981257 1 4 5 5 1 3 9 7

octave down
276.483865713972 0.268825510274625 1 2 5 5 1 3 9 7

octave up
276.752691224247 0.198799573518651 1 4 5 5 1 3 9 7

idents drop 3
276.951490797765 0.310047958793492 1 4 5 5 1 9 7

idents drop 1
277.261538756559 0.171136573458845 1 4 5 5 9 7

octave down
277.432675330018 0.362788507694039 1 2 5 5 9 7

octave up
277.795463837712 0.410506206281469 1 4 5 5 9 7

nexus 1
278.205970043993 0.174355409740231 1 4 1 5 9 7

idents add 1
278.380325453734 0.151806317982893 1 4 1 5 9 7 1

octave down
278.532131771717 0.137705140277188 1 2 1 5 9 7 1

nexus 3
278.669836911994 0.332156518315219 1 2 3 5 9 7 1

octave up
279.001993430309 0.232113149782165 1 4 3 5 9 7 1

octave down
279.234106580091 0.205686025818617 1 2 3 5 9 7 1

octave up
279.43979260591 0.251897000466168 1 4 3 5 9 7 1

octave down
279.691689606376 0.231344808909193 1 2 3 5 9 7 1

octave up
279.923034415285 0.426083370033863 1 4 3 5 9 7 1

idents add 3
280.349117785319 0.208791889295703 silence
280.557909674615 0.386453800169127 1 4 3 5 9 7 1 3

nexus 9
280.944363474784 0.227090390855668 1 4 9 5 9 7 1 3

idents drop 7
281.171453865639 0.326791411605025 1 4 9 5 9 1 3

idents add 7
281.498245277244 0.335912741080599 1 4 9 5 9 1 3 7

idents drop 3
281.834158018325 0.25873038283325 1 4 9 5 9 1 7

octave down
282.092888401158 0.340376337585249 1 2 9 5 9 1 7

nexus 5
282.433264738744 0.141852444823428 silence
282.575117183567 0.27245742027438 1 2 5 5 9 1 7

nexus 1
282.847574603841 0.475914424654465 1 2 1 5 9 1 7

octave up
283.323489028496 0.492111045956464 1 4 1 5 9 1 7

nexus 3
283.815600074452 0.468367112634828 1 4 3 5 9 1 7

idents add 3
284.283967187087 0.173707826849241 1 4 3 5 9 1 7 3

nexus 5
284.457675013936 0.320772492897667 1 4 5 5 9 1 7 3

nexus 1
284.778447506834 0.256077146595239 1 4 1 5 9 1 7 3

octave down
285.034524653429 0.41299254345229 1 2 1 5 9 1 7 3

idents drop 3
285.447517196882 0.363174025180946 1 2 1 5 9 1 7

octave up
285.810691222063 0.453441309080036 1 4 1 5 9 1 7

nexus 3
286.264132531143 0.234663500819894 1 4 3 5 9 1 7

octave down
286.498796031963 0.473830522135886 1 2 3 5 9 1 7

idents add 3
286.972626554098 0.473031408735791 1 2 3 5 9 1 7 3

nexus 1
287.445657962834 0.363747051286749 1 2 1 5 9 1 7 3

nexus 3
287.809405014121 0.259310309573205 1 2 3 5 9 1 7 3

nexus 1
288.068715323694 0.34631267603062 1 2 1 5 9 1 7 3

idents drop 5
288.415027999725 0.156279351674505 1 2 1 9 1 7 3

octave up
288.571307351399 0.364239701110369 1 4 1 9 1 7 3

octave down
288.93554705251 0.338589740624366 1 2 1 9 1 7 3

idents drop 7
289.274136793134 0.312283752710104 1 2 1 9 1 3

idents add 5
289.586420545844 0.383717953374006 1 2 1 9 1 3 5

nexus 7
289.970138499218 0.484049923350723 1 2 7 9 1 3 5

idents add 7
290.454188422569 0.411992592472819 1 2 7 9 1 3 5 7

idents drop 5
290.866181015042 0.454153442313496 1 2 7 9 1 3 7

octave up
291.320334457355 0.188305631429173 1 4 7 9 1 3 7

idents add 5
291.508640088784 0.461723511445555 1 4 7 9 1 3 7 5

octave down
291.97036360023 0.453825626871497 1 2 7 9 1 3 7 5

octave up
292.424189227101 0.44410991927407 1 4 7 9 1 3 7 5

nexus 3
292.868299146375 0.360258642896805 1 4 3 9 1 3 7 5

octave down
293.228557789272 0.183973829901115 1 2 3 9 1 3 7 5

octave up
293.412531619173 0.187424836336539 1 4 3 9 1 3 7 5

nexus 9
293.59995645551 0.426575312963261 1 4 9 9 1 3 7 5

nexus 5
294.026531768473 0.21855043772062 1 4 5 9 1 3 7 5

nexus 7
294.245082206194 0.346586551717483 1 4 7 9 1 3 7 5

nexus 3
294.591668757911 0.422673870656675 1 4 3 9 1 3 7 5

idents drop 7
295.014342628568 0.306831661044755 1 4 3 9 1 3 5

octave down
295.321174289613 0.284597871532418 1 2 3 9 1 3 5

nexus 5
295.605772161145 0.308148565346024 1 2 5 9 1 3 5

idents drop 3
295.913920726491 0.1514257601397 1 2 5 9 1 5

octave up
296.065346486631 0.374012720427078 1 4 5 9 1 5

octave down
296.439359207058 0.483538341953425 1 2 5 9 1 5

nexus 3
296.922897549011 0.201426673776638 1 2 3 9 1 5

nexus 7
297.124324222788 0.141566367325673 1 2 7 9 1 5

octave up
297.265890590114 0.131793848086834 1 4 7 9 1 5

idents drop 1
297.397684438201 0.22444287712458 1 4 7 9 5

octave down
297.622127315325 0.176329855964191 1 2 7 9 5

octave up
297.798457171289 0.396817028665209 1 4 7 9 5

octave down
298.195274199955 0.49275791924376 1 2 7 9 5

idents add 7
298.688032119198 0.292477569555467 1 2 7 9 5 7

nexus 9
298.980509688754 0.180038593861851 1 2 9 9 5 7

octave up
299.160548282616 0.337488784123439 1 4 9 9 5 7

octave down
299.498037066739 0.272294148477638 1 2 9 9 5 7

nexus 5
299.770331215217 0.147671323404782 1 2 5 9 5 7

octave up
299.918002538622 0.162134182088693 1 4 5 9 5 7

octave down
