0 0.787243483261442 1 1 1 1 3 5 7 9 11 13 15

idents drop 7
0.787243483261442 0.461251594505523 1 1 1 1 3 5 9 11 13 15

octave up
1.24849507776697 0.795022933346047 1 2 1 1 3 5 9 11 13 15

octave up
2.04351801111301 0.822258043315003 1 4 1 1 3 5 9 11 13 15

OUSwitch
2.86577605442802 0.2824252812638 -1 4 1 1 3 5 9 11 13 15

idents add 7
3.14820133569182 0.322755887667717 -1 4 1 1 3 5 9 11 13 15 7

OUSwitch
3.47095722335953 0.372439957628244 1 4 1 1 3 5 9 11 13 15 7

nexus 7
3.84339718098778 0.777463277313094 1 4 7 1 3 5 9 11 13 15 7

nexus 9
4.62086045830087 0.484237579829108 1 4 9 1 3 5 9 11 13 15 7

octave down
5.10509803812998 0.230764844940866 1 2 9 1 3 5 9 11 13 15 7

idents drop 1
5.33586288307084 0.753478635988927 1 2 9 3 5 9 11 13 15 7

nexus 5
6.08934151905977 0.800472032483558 1 2 5 3 5 9 11 13 15 7

OUSwitch
6.88981355154333 0.321248984388504 -1 2 5 3 5 9 11 13 15 7

octave up
7.21106253593183 0.175634128568234 -1 4 5 3 5 9 11 13 15 7

idents add 1
7.38669666450007 0.587361300554399 -1 4 5 3 5 9 11 13 15 7 1

nexus 3
7.97405796505447 0.456545522457761 -1 4 3 3 5 9 11 13 15 7 1

OUSwitch
8.43060348751223 0.360777500537765 1 4 3 3 5 9 11 13 15 7 1

OUSwitch
8.79138098804999 0.240424697285228 -1 4 3 3 5 9 11 13 15 7 1

nexus 13
9.03180568533522 0.847127087649961 -1 4 13 3 5 9 11 13 15 7 1

octave down
9.87893277298518 0.297767354444672 -1 2 13 3 5 9 11 13 15 7 1

octave up
10.1767001274299 0.177518181166766 -1 4 13 3 5 9 11 13 15 7 1

OUSwitch
10.3542183085966 0.170798374297607 1 4 13 3 5 9 11 13 15 7 1

idents drop 7
10.5250166828942 0.341999254215236 1 4 13 3 5 9 11 13 15 1

OUSwitch
10.8670159371095 0.187710231180501 -1 4 13 3 5 9 11 13 15 1

octave down
11.05472616829 0.441602031798298 -1 2 13 3 5 9 11 13 15 1

octave up
11.4963282000883 0.989847950734611 -1 4 13 3 5 9 11 13 15 1

nexus 11
12.4861761508229 0.732303986711723 -1 4 11 3 5 9 11 13 15 1

OUSwitch
13.2184801375346 0.348563514670788 1 4 11 3 5 9 11 13 15 1

idents add 7
13.5670436522054 0.258766814566064 1 4 11 3 5 9 11 13 15 1 7

octave down
13.8258104667714 0.605727572596881 1 2 11 3 5 9 11 13 15 1 7

idents drop 11
14.4315380393683 0.408559321603883 silence
14.8400973609722 0.865621080615412 1 2 11 3 5 9 13 15 1 7

OUSwitch
15.7057184415876 0.94510009133398 -1 2 11 3 5 9 13 15 1 7

idents drop 3
16.6508185329216 0.48642670605496 -1 2 11 5 9 13 15 1 7

octave up
17.1372452389766 0.551052448361691 -1 4 11 5 9 13 15 1 7

OUSwitch
17.6882976873383 0.615498974011301 1 4 11 5 9 13 15 1 7

octave down
18.3037966613496 0.600250239331748 1 2 11 5 9 13 15 1 7

OUSwitch
18.9040469006813 0.65117479078728 -1 2 11 5 9 13 15 1 7

octave up
19.5552216914686 0.417777367986497 -1 4 11 5 9 13 15 1 7

idents drop 5
19.9729990594551 0.488200965877374 -1 4 11 9 13 15 1 7

OUSwitch
20.4612000253325 0.767489152218933 1 4 11 9 13 15 1 7

idents drop 9
21.2286891775514 0.622944838380064 1 4 11 13 15 1 7

idents drop 13
21.8516340159315 0.755024325559919 1 4 11 15 1 7

OUSwitch
22.6066583414914 0.952360286705148 silence
23.5590186281965 0.840112647512281 -1 4 11 15 1 7

OUSwitch
24.3991312757088 0.557242529200443 1 4 11 15 1 7

octave down
24.9563738049092 0.603677024419994 1 2 11 15 1 7

octave up
25.5600508293292 0.678101552766251 1 4 11 15 1 7

octave down
26.2381523820955 0.179186470513461 1 2 11 15 1 7

idents drop 15
26.417338852609 0.277443466505589 1 2 11 1 7

octave up
26.6947823191145 0.739046621229871 silence
27.4338289403444 0.18229954825508 1 4 11 1 7

idents add 3
27.6161284885995 0.645180789926071 1 4 11 1 7 3

octave down
28.2613092785256 0.590654779368209 1 2 11 1 7 3

nexus 15
28.8519640578938 0.520242099752941 1 2 15 1 7 3

OUSwitch
29.3722061576467 0.417127032364479 -1 2 15 1 7 3

idents drop 1
29.7893331900112 0.523529382240753 -1 2 15 7 3

octave up
30.3128625722519 0.751821514262377 -1 4 15 7 3

OUSwitch
31.0646840865143 0.394006263580614 1 4 15 7 3

nexus 7
31.4586903500949 0.738396110221924 silence
32.1970864603169 0.250876602754306 1 4 7 7 3

OUSwitch
32.4479630630712 0.191895220730026 -1 4 7 7 3

OUSwitch
32.6398582838012 0.959025907680804 silence
33.598884191482 0.859061080759644 1 4 7 7 3

octave down
34.4579452722416 0.274107702942593 1 2 7 7 3

nexus 13
34.7320529751842 0.966389502954192 1 2 13 7 3

octave up
35.6984424781384 0.543844373659205 1 4 13 7 3

octave down
36.2422868517976 0.853381734899497 1 2 13 7 3

idents add 13
37.0956685866971 0.583139044681965 silence
37.6788076313791 0.627615524057692 1 2 13 7 3 13

octave up
38.3064231554368 0.868637458197362 1 4 13 7 3 13

OUSwitch
39.1750606136342 0.405425707946945 -1 4 13 7 3 13

octave down
39.5804863215811 0.421071057833628 -1 2 13 7 3 13

OUSwitch
40.0015573794147 0.413033352650867 1 2 13 7 3 13

octave up
40.4145907320656 0.475943083334114 1 4 13 7 3 13

nexus 7
40.8905338153997 0.727127386667419 silence
41.6176612020671 0.79879040938631 1 4 7 7 3 13

idents drop 13
42.4164516114534 0.411457094504743 1 4 7 7 3

idents add 5
42.8279087059582 0.472788168341149 silence
43.3006968742993 0.73447396712948 1 4 7 7 3 5

idents drop 5
44.0351708414288 0.618365629157545 1 4 7 7 3

octave down
44.6535364705864 0.914085142645253 1 2 7 7 3

idents add 13
45.5676216132316 0.55091586817271 1 2 7 7 3 13

nexus 15
46.1185374814043 0.374651511254794 silence
46.4931889926591 0.46085344255707 1 2 15 7 3 13

octave up
46.9540424352162 0.931932935755897 1 4 15 7 3 13

nexus 9
47.8859753709721 0.472521495769088 1 4 9 7 3 13

octave down
48.3584968667412 0.62676536463024 1 2 9 7 3 13

OUSwitch
48.9852622313714 0.521006882634359 -1 2 9 7 3 13

OUSwitch
49.5062691140058 0.481831572740956 1 2 9 7 3 13

OUSwitch
49.9881006867467 0.4328415763879 -1 2 9 7 3 13

nexus 1
50.4209422631346 0.377012293431604 silence
50.7979545565662 0.303325311585734 -1 2 1 7 3 13

OUSwitch
51.101279868152 0.632122504233177 1 2 1 7 3 13

nexus 3
51.7334023723851 0.566633272922829 1 2 3 7 3 13

octave up
52.300035645308 0.962605509729334 silence
53.2626411550373 0.24115848523963 1 4 3 7 3 13

nexus 11
53.5037996402769 0.896538362928785 1 4 11 7 3 13

nexus 15
54.4003380032057 0.614740744469369 1 4 15 7 3 13

idents add 1
55.0150787476751 0.871986278126033 1 4 15 7 3 13 1

idents drop 3
55.8870650258011 0.520323932814276 1 4 15 7 13 1

idents drop 1
56.4073889586154 0.442694755909035 1 4 15 7 13

nexus 11
56.8500837145244 0.878255064777625 1 4 11 7 13

idents add 1
57.7283387793021 0.385196075012736 1 4 11 7 13 1

idents drop 13
58.1135348543148 0.850910710951789 silence
58.9644455652666 0.778070773490063 1 4 11 7 1

OUSwitch
59.7425163387566 0.562866411646246 silence
60.3053827504029 0.371406816611518 -1 4 11 7 1

idents add 9
60.6767895670144 0.281194765516899 silence
60.9579843325313 0.472220244974328 -1 4 11 7 1 9

OUSwitch
61.4302045775056 0.541120554094137 1 4 11 7 1 9

OUSwitch
61.9713251315998 0.587440616512962 -1 4 11 7 1 9

octave down
62.5587657481127 0.874576745254305 -1 2 11 7 1 9

nexus 5
63.433342493367 0.237952640065365 silence
63.6712951334324 0.33990889385452 -1 2 5 7 1 9

idents add 13
64.0112040272869 0.75635786744031 silence
64.7675618947273 0.78070192804133 -1 2 5 7 1 9 13

octave up
65.5482638227686 0.272128602399598 -1 4 5 7 1 9 13

OUSwitch
65.8203924251682 0.60752522688065 1 4 5 7 1 9 13

OUSwitch
66.4279176520488 0.473740736872337 -1 4 5 7 1 9 13

nexus 15
66.9016583889212 0.566067078524974 -1 4 15 7 1 9 13

OUSwitch
67.4677254674461 0.488484313702751 1 4 15 7 1 9 13

OUSwitch
67.9562097811489 0.739576711512671 -1 4 15 7 1 9 13

OUSwitch
68.6957864926616 0.709502433150092 1 4 15 7 1 9 13

nexus 13
69.4052889258117 0.64314309895788 1 4 13 7 1 9 13

idents add 3
70.0484320247695 0.957069463360465 1 4 13 7 1 9 13 3

nexus 5
71.00550148813 0.175628210577695 1 4 5 7 1 9 13 3

idents add 11
71.1811296987077 0.636516578423701 1 4 5 7 1 9 13 3 11

octave down
71.8176462771314 0.350798238691397 1 2 5 7 1 9 13 3 11

OUSwitch
72.1684445158228 0.964076074606245 -1 2 5 7 1 9 13 3 11

OUSwitch
73.132520590429 0.226964862709689 1 2 5 7 1 9 13 3 11

idents drop 1
73.3594854531387 0.608158385333872 1 2 5 7 9 13 3 11

idents add 1
73.9676438384726 0.361168298413907 1 2 5 7 9 13 3 11 1

OUSwitch
74.3288121368865 0.851994838564003 -1 2 5 7 9 13 3 11 1

octave up
75.1808069754505 0.840506678499228 -1 4 5 7 9 13 3 11 1

nexus 3
76.0213136539497 0.581455947946441 silence
76.6027696018962 0.545083178627379 -1 4 3 7 9 13 3 11 1

OUSwitch
77.1478527805235 0.405328135047511 1 4 3 7 9 13 3 11 1

nexus 5
77.553180915571 0.770915883559474 1 4 5 7 9 13 3 11 1

nexus 11
78.3240967991305 0.365216941829256 1 4 11 7 9 13 3 11 1

idents drop 9
78.6893137409598 0.189354835114303 silence
78.8786685760741 0.661118229633917 1 4 11 7 13 3 11 1

octave down
79.539786805708 0.94970591688127 silence
80.4894927225893 0.468014071666791 1 2 11 7 13 3 11 1

nexus 3
80.957506794256 0.741155617309714 1 2 3 7 13 3 11 1

octave up
81.6986624115658 0.698998291094293 1 4 3 7 13 3 11 1

OUSwitch
82.3976607026601 0.381503158311742 -1 4 3 7 13 3 11 1

octave down
82.7791638609718 0.963199772852738 -1 2 3 7 13 3 11 1

idents add 15
83.7423636338245 0.860136693484914 -1 2 3 7 13 3 11 1 15

nexus 11
84.6025003273095 0.32047638901692 -1 2 11 7 13 3 11 1 15

idents add 5
84.9229767163264 0.346579259890323 silence
85.2695559762167 0.319992256959031 -1 2 11 7 13 3 11 1 15 5

octave up
85.5895482331757 0.286324821854487 -1 4 11 7 13 3 11 1 15 5

nexus 1
85.8758730550302 0.808973528428225 -1 4 1 7 13 3 11 1 15 5

idents drop 13
86.6848465834584 0.643589344439147 -1 4 1 7 3 11 1 15 5

OUSwitch
87.3284359278976 0.784864698742242 1 4 1 7 3 11 1 15 5

OUSwitch
88.1133006266398 0.296369878374901 -1 4 1 7 3 11 1 15 5

nexus 3
88.4096705050147 0.483391535827668 silence
88.8930620408424 0.494935040625923 -1 4 3 7 3 11 1 15 5

OUSwitch
89.3879970814683 0.787721003722822 1 4 3 7 3 11 1 15 5

octave down
90.1757180851911 0.207583290129534 1 2 3 7 3 11 1 15 5

octave up
90.3833013753207 0.860418775813743 1 4 3 7 3 11 1 15 5

nexus 13
91.2437201511344 0.281384966471876 1 4 13 7 3 11 1 15 5

idents add 9
91.5251051176063 0.537602169914446 1 4 13 7 3 11 1 15 5 9

idents drop 5
92.0627072875207 0.872145080453031 silence
92.9348523679738 0.619694931871227 1 4 13 7 3 11 1 15 9

OUSwitch
93.554547299845 0.338088133545653 silence
93.8926354333907 0.662826325520338 -1 4 13 7 3 11 1 15 9

octave down
94.555461758911 0.700145432762722 -1 2 13 7 3 11 1 15 9

idents add 5
95.2556071916737 0.507026523461652 -1 2 13 7 3 11 1 15 9 5

nexus 5
95.7626337151354 0.243189078139498 -1 2 5 7 3 11 1 15 9 5

octave up
96.0058227932749 0.583780540192643 -1 4 5 7 3 11 1 15 9 5

idents drop 5
96.5896033334675 0.651893413766262 -1 4 5 7 3 11 1 15 9

nexus 13
97.2414967472338 0.91940142323303 -1 4 13 7 3 11 1 15 9

octave down
98.1608981704668 0.925827968566265 silence
99.0867261390331 0.377341661213293 -1 2 13 7 3 11 1 15 9

octave up
99.4640678002464 0.523058313593946 silence
99.9871261138403 0.732076135782736 -1 4 13 7 3 11 1 15 9

OUSwitch
100.719202249623 0.465829467465703 1 4 13 7 3 11 1 15 9

OUSwitch
101.185031717089 0.247972924648558 -1 4 13 7 3 11 1 15 9

nexus 1
101.433004641737 0.689272890381249 silence
102.122277532119 0.70392341714392 -1 4 1 7 3 11 1 15 9

octave down
102.826200949262 0.881574608957517 -1 2 1 7 3 11 1 15 9

OUSwitch
103.70777555822 0.339212163002083 silence
104.046987721222 0.318906414726964 1 2 1 7 3 11 1 15 9

OUSwitch
104.365894135949 0.463563803107752 -1 2 1 7 3 11 1 15 9

octave up
104.829457939057 0.933393914220228 -1 4 1 7 3 11 1 15 9

idents add 5
105.762851853277 0.509242852910204 -1 4 1 7 3 11 1 15 9 5

nexus 5
106.272094706187 0.202054463603592 -1 4 5 7 3 11 1 15 9 5

OUSwitch
106.474149169791 0.93599778047287 silence
107.410146950264 0.574254374793817 silence
107.984401325058 0.358243743041662 1 4 5 7 3 11 1 15 9 5

OUSwitch
108.342645068099 0.174987505053886 -1 4 5 7 3 11 1 15 9 5

nexus 9
108.517632573153 0.763719577465828 silence
109.281352150619 0.944886897183114 -1 4 9 7 3 11 1 15 9 5

nexus 15
110.226239047802 0.221584548507199 silence
110.447823596309 0.455784005721541 -1 4 15 7 3 11 1 15 9 5

octave down
110.903607602031 0.845121628964974 silence
111.748729230996 0.234196669537743 silence
111.982925900533 0.634672063873548 silence
112.617597964407 0.777033606726574 -1 2 15 7 3 11 1 15 9 5

octave up
113.394631571134 0.502450179183937 -1 4 15 7 3 11 1 15 9 5

idents drop 15
113.897081750318 0.374162889088013 silence
114.271244639406 0.641553856884567 -1 4 15 7 3 11 1 9 5

nexus 5
114.91279849629 0.74966735036365 -1 4 5 7 3 11 1 9 5

OUSwitch
115.662465846654 0.386948297042554 1 4 5 7 3 11 1 9 5

nexus 11
116.049414143696 0.404664234923912 1 4 11 7 3 11 1 9 5

octave down
116.45407837862 0.703222240087849 silence
117.157300618708 0.298175265790866 1 2 11 7 3 11 1 9 5

octave up
117.455475884499 0.981740861539346 silence
118.437216746038 0.750002985378664 1 4 11 7 3 11 1 9 5

idents drop 1
119.187219731417 0.185957692801479 1 4 11 7 3 11 9 5

idents add 15
119.373177424218 0.339074251418849 silence
119.712251675637 0.396553394077533 1 4 11 7 3 11 9 5 15

octave down
120.108805069715 0.34827555074684 1 2 11 7 3 11 9 5 15

OUSwitch
120.457080620462 0.546208249191258 -1 2 11 7 3 11 9 5 15

idents add 13
121.003288869653 0.502950912424393 silence
121.506239782077 0.409222599896001 -1 2 11 7 3 11 9 5 15 13

idents drop 13
121.915462381973 0.610051069245558 -1 2 11 7 3 11 9 5 15

OUSwitch
122.525513451219 0.19006145456029 silence
122.715574905779 0.973738757738306 1 2 11 7 3 11 9 5 15

nexus 3
123.689313663517 0.889481748963952 silence
124.578795412481 0.335228070945692 silence
124.914023483427 0.675135995184769 silence
125.589159478612 0.488777088651679 1 2 3 7 3 11 9 5 15

nexus 1
126.077936567264 0.794383450679724 1 2 1 7 3 11 9 5 15

octave up
126.872320017943 0.831032705957764 silence
127.703352723901 0.842594977207287 1 4 1 7 3 11 9 5 15

OUSwitch
128.545947701108 0.671087386791966 -1 4 1 7 3 11 9 5 15

octave down
129.2170350879 0.586098249664374 -1 2 1 7 3 11 9 5 15

idents add 13
129.803133337565 0.37508954214187 -1 2 1 7 3 11 9 5 15 13

OUSwitch
130.178222879707 0.732246987537462 silence
130.910469867244 0.968262210625604 1 2 1 7 3 11 9 5 15 13

octave up
131.87873207787 0.696889731662216 1 4 1 7 3 11 9 5 15 13

octave down
132.575621809532 0.393830659518582 silence
132.96945246905 0.352912239741853 1 2 1 7 3 11 9 5 15 13

OUSwitch
133.322364708792 0.753856115234697 -1 2 1 7 3 11 9 5 15 13

octave up
134.076220824027 0.496012450129321 silence
134.572233274156 0.256332868267254 silence
134.828566142423 0.323892337745434 -1 4 1 7 3 11 9 5 15 13

nexus 9
135.152458480169 0.581009990601303 silence
135.73346847077 0.763000227840542 silence
136.496468698611 0.362894407868844 -1 4 9 7 3 11 9 5 15 13

octave down
136.85936310648 0.36929097067989 -1 2 9 7 3 11 9 5 15 13

OUSwitch
137.228654077159 0.211238700752856 1 2 9 7 3 11 9 5 15 13

OUSwitch
137.439892777912 0.428404771277001 -1 2 9 7 3 11 9 5 15 13

idents drop 11
137.868297549189 0.187903712937887 -1 2 9 7 3 9 5 15 13

nexus 1
138.056201262127 0.179348166376154 -1 2 1 7 3 9 5 15 13

nexus 7
138.235549428503 0.636835636489577 silence
138.872385064993 0.472345771664212 -1 2 7 7 3 9 5 15 13

OUSwitch
139.344730836657 0.755524048648277 silence
140.100254885305 0.600096677137368 1 2 7 7 3 9 5 15 13

nexus 5
140.700351562443 0.75117164715301 1 2 5 7 3 9 5 15 13

nexus 3
141.451523209596 0.343966176364145 silence
141.79548938596 0.528093111083287 silence
142.323582497043 0.314136759138799 silence
142.637719256182 0.179720236023314 1 2 3 7 3 9 5 15 13

idents drop 9
142.817439492205 0.23894077098811 1 2 3 7 3 5 15 13

nexus 5
143.056380263193 0.477814063726825 1 2 5 7 3 5 15 13

OUSwitch
143.53419432692 0.48382973420529 silence
144.018024061126 0.993028898511639 silence
145.011052959637 0.535107924791163 -1 2 5 7 3 5 15 13

idents drop 5
145.546160884428 0.734780322195832 silence
146.280941206624 0.609095374309454 -1 2 5 7 3 15 13

nexus 11
146.890036580934 0.237803116631825 -1 2 11 7 3 15 13

octave up
147.127839697565 0.904228152549287 -1 4 11 7 3 15 13

OUSwitch
148.032067850115 0.718433893215742 1 4 11 7 3 15 13

nexus 7
148.75050174333 0.604393872874392 silence
149.354895616205 0.534990976224839 silence
149.88988659243 0.852702138667967 1 4 7 7 3 15 13

OUSwitch
150.742588731098 0.21301940682703 -1 4 7 7 3 15 13

octave down
150.955608137925 0.856341062070249 silence
151.811949199995 0.475710170397683 -1 2 7 7 3 15 13

OUSwitch
152.287659370393 0.696971270547428 1 2 7 7 3 15 13

nexus 1
152.98463064094 0.864233866455171 silence
153.848864507395 0.199314623206837 silence
154.048179130602 0.328497973949001 silence
154.376677104551 0.911678491310258 1 2 1 7 3 15 13

OUSwitch
155.288355595861 0.37487285069355 -1 2 1 7 3 15 13

idents add 11
155.663228446555 0.523358590174889 -1 2 1 7 3 15 13 11

nexus 5
156.18658703673 0.282798677716689 -1 2 5 7 3 15 13 11

octave up
156.469385714447 0.285959854039853 -1 4 5 7 3 15 13 11

OUSwitch
156.755345568486 0.930269287034645 1 4 5 7 3 15 13 11

idents add 9
157.685614855521 0.389777177177689 1 4 5 7 3 15 13 11 9

OUSwitch
158.075392032699 0.412693907992133 -1 4 5 7 3 15 13 11 9

nexus 7
158.488085940691 0.827194166483242 silence
159.315280107174 0.259961153717408 -1 4 7 7 3 15 13 11 9

idents drop 11
159.575241260891 0.247828780261909 -1 4 7 7 3 15 13 9

octave down
159.823070041153 0.657090284326684 -1 2 7 7 3 15 13 9

nexus 11
160.48016032548 0.754051563962634 -1 2 11 7 3 15 13 9

octave up
161.234211889443 0.825023129878927 silence
162.059235019322 0.535721787003254 -1 4 11 7 3 15 13 9

octave down
162.594956806325 0.914122514579683 silence
163.509079320905 0.880202245561171 silence
164.389281566466 0.930599005110293 -1 2 11 7 3 15 13 9

nexus 3
165.319880571576 0.403852250429917 -1 2 3 7 3 15 13 9

nexus 15
165.723732822006 0.388296999832004 -1 2 15 7 3 15 13 9

idents add 1
166.112029821838 0.830049907016673 silence
166.942079728855 0.692463897086154 silence
167.634543625941 0.633888335466881 -1 2 15 7 3 15 13 9 1

idents add 5
168.268431961408 0.622773802512897 -1 2 15 7 3 15 13 9 1 5

idents drop 1
168.89120576392 0.343156063868149 -1 2 15 7 3 15 13 9 5

octave up
169.234361827789 0.959567154209052 silence
170.193928981998 0.550337854764104 -1 4 15 7 3 15 13 9 5

OUSwitch
170.744266836762 0.269137584337258 1 4 15 7 3 15 13 9 5

OUSwitch
171.013404421099 0.931502804450204 silence
171.944907225549 0.554922002972139 -1 4 15 7 3 15 13 9 5

OUSwitch
172.499829228521 0.486392350184323 silence
172.986221578706 0.818511075913768 silence
173.804732654619 0.548591790541634 1 4 15 7 3 15 13 9 5

OUSwitch
174.353324445161 0.750010025460893 -1 4 15 7 3 15 13 9 5

octave down
175.103334470622 0.253298309118136 silence
175.35663277974 0.189963277253768 -1 2 15 7 3 15 13 9 5

OUSwitch
175.546596056994 0.375813104052219 silence
175.922409161046 0.552659247877232 1 2 15 7 3 15 13 9 5

OUSwitch
176.475068408923 0.417005533399264 silence
176.892073942323 0.690944620777836 -1 2 15 7 3 15 13 9 5

OUSwitch
177.5830185631 0.477462795249322 silence
178.06048135835 0.715542728248418 1 2 15 7 3 15 13 9 5

idents add 11
178.776024086598 0.570132639004386 1 2 15 7 3 15 13 9 5 11

idents drop 13
179.346156725603 0.525467343625701 silence
179.871624069228 0.789372634595447 silence
180.660996703824 0.545926208255514 silence
181.206922912079 0.643191207516762 silence
181.850114119596 0.491157732120019 silence
182.341271851716 0.915230652602626 1 2 15 7 3 15 9 5 11

idents drop 3
183.256502504319 0.673207474935008 silence
183.929709979254 0.573314033310076 silence
184.503024012564 0.664076442115519 1 2 15 7 15 9 5 11

OUSwitch
185.167100454679 0.338359852994825 silence
185.505460307674 0.894881007682077 silence
186.400341315356 0.814658963904345 -1 2 15 7 15 9 5 11

nexus 1
187.21500027926 0.414182853632556 silence
187.629183132893 0.190855552942792 silence
187.820038685836 0.580051724979214 -1 2 1 7 15 9 5 11

idents add 13
188.400090410815 0.694544319909086 silence
189.094634730724 0.490211012563234 -1 2 1 7 15 9 5 11 13

nexus 15
189.584845743287 0.896683998524244 silence
190.481529741812 0.287331118040149 -1 2 15 7 15 9 5 11 13

nexus 7
190.768860859852 0.548466898914247 silence
191.317327758766 0.412742256165195 -1 2 7 7 15 9 5 11 13

octave up
191.730070014931 0.523463958850389 -1 4 7 7 15 9 5 11 13

OUSwitch
192.253533973782 0.350352918508372 1 4 7 7 15 9 5 11 13

nexus 3
192.60388689229 0.756453637128907 1 4 3 7 15 9 5 11 13

nexus 1
193.360340529419 0.31802055122913 1 4 1 7 15 9 5 11 13

nexus 9
193.678361080648 0.390533305300683 1 4 9 7 15 9 5 11 13

nexus 13
194.068894385949 0.435879506250782 1 4 13 7 15 9 5 11 13

idents drop 9
194.504773892199 0.336478699599257 1 4 13 7 15 5 11 13

OUSwitch
194.841252591799 0.240197196028112 -1 4 13 7 15 5 11 13

idents add 9
195.081449787827 0.215603183240371 -1 4 13 7 15 5 11 13 9

idents drop 7
195.297052971067 0.832564593162442 -1 4 13 15 5 11 13 9

OUSwitch
196.12961756423 0.263050460880242 1 4 13 15 5 11 13 9

octave down
196.39266802511 0.568097215684528 1 2 13 15 5 11 13 9

OUSwitch
196.960765240794 0.341954079183973 -1 2 13 15 5 11 13 9

idents add 7
197.302719319978 0.970141555316404 -1 2 13 15 5 11 13 9 7

idents add 1
198.272860875295 0.367187706462647 -1 2 13 15 5 11 13 9 7 1

octave up
198.640048581757 0.502238433545385 silence
199.142287015303 0.176870588676265 -1 4 13 15 5 11 13 9 7 1

idents add 3
199.319157603979 0.270285195411046 -1 4 13 15 5 11 13 9 7 1 3

idents drop 9
199.58944279939 0.675184602145948 silence
200.264627401536 0.416251398841062 -1 4 13 15 5 11 13 7 1 3

idents add 9
200.680878800377 0.760506408434188 silence
201.441385208811 0.84725391629464 silence
202.288639125106 0.76234820613195 -1 4 13 15 5 11 13 7 1 3 9

idents drop 15
203.050987331238 0.21520160101848 -1 4 13 5 11 13 7 1 3 9

octave down
203.266188932256 0.209119503267997 -1 2 13 5 11 13 7 1 3 9

OUSwitch
203.475308435524 0.352722027014488 1 2 13 5 11 13 7 1 3 9

nexus 1
203.828030462539 0.19434530211164 silence
204.022375764651 0.178362400047882 1 2 1 5 11 13 7 1 3 9

idents add 15
204.200738164698 0.389294385675552 silence
204.590032550374 0.654244940653932 silence
205.244277491028 0.377115826211725 silence
205.62139331724 0.266312854975558 1 2 1 5 11 13 7 1 3 9 15

nexus 11
205.887706172215 0.494483024746311 1 2 11 5 11 13 7 1 3 9 15

idents drop 15
206.382189196962 0.915557354584757 1 2 11 5 11 13 7 1 3 9

OUSwitch
207.297746551546 0.961776705372287 -1 2 11 5 11 13 7 1 3 9

octave up
208.259523256919 0.72178233646073 -1 4 11 5 11 13 7 1 3 9

OUSwitch
208.981305593379 0.980005763525736 1 4 11 5 11 13 7 1 3 9

octave down
209.961311356905 0.71638766869385 silence
210.677699025599 0.554336994220953 silence
211.23203601982 0.392964205433062 silence
211.625000225253 0.757716575762547 1 2 11 5 11 13 7 1 3 9

octave up
212.382716801015 0.679414696375857 1 4 11 5 11 13 7 1 3 9

idents drop 5
213.062131497391 0.976666003481798 silence
214.038797500873 0.386307729808226 1 4 11 11 13 7 1 3 9

OUSwitch
214.425105230681 0.561815547112387 -1 4 11 11 13 7 1 3 9

OUSwitch
214.986920777794 0.759644714644535 1 4 11 11 13 7 1 3 9

idents drop 11
215.746565492438 0.393127346858738 1 4 11 13 7 1 3 9

OUSwitch
216.139692839297 0.644811786050864 -1 4 11 13 7 1 3 9

nexus 15
216.784504625348 0.517478298592407 -1 4 15 13 7 1 3 9

octave down
217.30198292394 0.900327543336044 -1 2 15 13 7 1 3 9

idents drop 13
218.202310467276 0.985960822772002 -1 2 15 7 1 3 9

octave up
219.188271290048 0.986145523437819 -1 4 15 7 1 3 9

nexus 1
220.174416813486 0.577262653683934 -1 4 1 7 1 3 9

idents drop 1
220.75167946717 0.431568227959414 -1 4 1 7 3 9

idents drop 9
221.183247695129 0.726903961235379 silence
221.910151656365 0.438595436590106 -1 4 1 7 3

octave down
222.348747092955 0.552218441187949 -1 2 1 7 3

idents add 9
222.900965534143 0.294329964179813 -1 2 1 7 3 9

octave up
223.195295498323 0.703242958596627 -1 4 1 7 3 9

OUSwitch
223.898538456919 0.517631264887395 silence
224.416169721807 0.425350971841882 silence
224.841520693649 0.558426729203526 1 4 1 7 3 9

idents drop 9
225.399947422852 0.586317116013955 silence
225.986264538866 0.321492901282058 1 4 1 7 3

octave down
226.307757440148 0.504145246927317 1 2 1 7 3

nexus 11
226.811902687076 0.843960236973741 1 2 11 7 3

nexus 9
227.655862924049 0.908261427808824 1 2 9 7 3

OUSwitch
228.564124351858 0.616019899033716 -1 2 9 7 3

idents add 9
229.180144250892 0.868374809622704 silence
230.048519060515 0.866153171959589 -1 2 9 7 3 9

idents add 11
230.914672232474 0.584189097334127 silence
231.498861329808 0.442641360592751 -1 2 9 7 3 9 11

nexus 7
231.941502690401 0.484153037949078 -1 2 7 7 3 9 11

nexus 5
232.42565572835 0.782971527390802 -1 2 5 7 3 9 11

OUSwitch
233.208627255741 0.380610425182425 1 2 5 7 3 9 11

idents add 15
233.589237680923 0.414132407731145 1 2 5 7 3 9 11 15

nexus 13
234.003370088654 0.33863850145291 1 2 13 7 3 9 11 15

OUSwitch
234.342008590107 0.576970512556754 -1 2 13 7 3 9 11 15

nexus 1
234.918979102664 0.768862188938027 silence
235.687841291602 0.764096861864173 silence
236.451938153466 0.883830045518195 -1 2 1 7 3 9 11 15

OUSwitch
237.335768198984 0.497152089706094 1 2 1 7 3 9 11 15

octave up
237.832920288691 0.572876308549609 1 4 1 7 3 9 11 15

octave down
238.40579659724 0.355629009413512 1 2 1 7 3 9 11 15

nexus 9
238.761425606654 0.387504190945452 1 2 9 7 3 9 11 15

OUSwitch
239.148929797599 0.484916689682503 -1 2 9 7 3 9 11 15

idents drop 11
239.633846487282 0.908721227776317 -1 2 9 7 3 9 15

idents add 1
240.542567715058 0.900048113557295 -1 2 9 7 3 9 15 1

nexus 11
241.442615828615 0.642194267783806 -1 2 11 7 3 9 15 1

nexus 7
242.084810096399 0.480984269940738 -1 2 7 7 3 9 15 1

OUSwitch
242.56579436634 0.6777066594595 1 2 7 7 3 9 15 1

idents drop 15
243.243501025799 0.851092473266441 1 2 7 7 3 9 1

idents add 13
244.094593499066 0.17352060253353 1 2 7 7 3 9 1 13

idents add 11
244.268114101599 0.482175213481794 1 2 7 7 3 9 1 13 11

OUSwitch
244.750289315081 0.767276569727181 -1 2 7 7 3 9 1 13 11

idents drop 7
245.517565884808 0.770196620333905 -1 2 7 3 9 1 13 11

idents drop 3
246.287762505142 0.679322802177769 -1 2 7 9 1 13 11

idents add 5
246.96708530732 0.700954095513031 silence
247.668039402833 0.322323275997875 silence
247.990362678831 0.531630221184256 -1 2 7 9 1 13 11 5

nexus 5
248.521992900015 0.405883120117376 silence
248.927876020132 0.70826301885156 -1 2 5 9 1 13 11 5

idents drop 1
249.636139038984 0.385366374274584 -1 2 5 9 13 11 5

octave up
250.021505413259 0.221097701694519 silence
250.242603114953 0.915889109992916 -1 4 5 9 13 11 5

idents add 15
251.158492224946 0.64067129516154 -1 4 5 9 13 11 5 15

OUSwitch
251.799163520108 0.737104667465302 silence
252.536268187573 0.178904742912376 silence
252.715172930485 0.195694321048054 1 4 5 9 13 11 5 15

nexus 15
252.910867251533 0.478463337090363 1 4 15 9 13 11 5 15

octave down
253.389330588624 0.95312981180643 1 2 15 9 13 11 5 15

nexus 5
254.34246040043 0.60946165741334 silence
254.951922057843 0.324994069444953 1 2 5 9 13 11 5 15

octave up
255.276916127288 0.273256603928356 silence
255.550172731217 0.930452506896872 1 4 5 9 13 11 5 15

OUSwitch
256.480625238114 0.822433274497433 -1 4 5 9 13 11 5 15

idents add 1
257.303058512611 0.952033665990253 -1 4 5 9 13 11 5 15 1

OUSwitch
258.255092178601 0.510322264664112 1 4 5 9 13 11 5 15 1

nexus 15
258.765414443266 0.267269633827991 silence
259.032684077094 0.718511613176037 silence
259.75119569027 0.851775080204893 1 4 15 9 13 11 5 15 1

octave down
260.602970770474 0.534332326085968 1 2 15 9 13 11 5 15 1

idents add 7
261.13730309656 0.725634965121079 1 2 15 9 13 11 5 15 1 7

nexus 1
261.862938061681 0.972478799002899 1 2 1 9 13 11 5 15 1 7

OUSwitch
262.835416860684 0.715580149890736 silence
263.550997010575 0.287900715711768 -1 2 1 9 13 11 5 15 1 7

OUSwitch
263.838897726287 0.498193854277623 1 2 1 9 13 11 5 15 1 7

OUSwitch
264.337091580565 0.445606723024268 -1 2 1 9 13 11 5 15 1 7

octave up
264.782698303589 0.313886190283431 -1 4 1 9 13 11 5 15 1 7

octave down
265.096584493872 0.776941147539837 -1 2 1 9 13 11 5 15 1 7

OUSwitch
265.873525641412 0.732894385684805 1 2 1 9 13 11 5 15 1 7

nexus 15
266.606420027097 0.821470276682343 1 2 15 9 13 11 5 15 1 7

OUSwitch
267.427890303779 0.326512897097308 -1 2 15 9 13 11 5 15 1 7

OUSwitch
267.754403200876 0.174721791168965 1 2 15 9 13 11 5 15 1 7

nexus 1
267.929124992045 0.484812434580192 1 2 1 9 13 11 5 15 1 7

nexus 3
268.413937426626 0.90050951292227 1 2 3 9 13 11 5 15 1 7

OUSwitch
269.314446939548 0.550778925778897 -1 2 3 9 13 11 5 15 1 7

nexus 13
269.865225865327 0.776655189240155 -1 2 13 9 13 11 5 15 1 7

octave up
270.641881054567 0.961667446756162 -1 4 13 9 13 11 5 15 1 7

OUSwitch
271.603548501323 0.257257630640909 1 4 13 9 13 11 5 15 1 7

OUSwitch
271.860806131964 0.424989416568392 -1 4 13 9 13 11 5 15 1 7

octave down
272.285795548532 0.239172998168671 -1 2 13 9 13 11 5 15 1 7

octave up
272.524968546701 0.76037205431069 -1 4 13 9 13 11 5 15 1 7

octave down
273.285340601012 0.187639533111209 -1 2 13 9 13 11 5 15 1 7

idents drop 13
273.472980134123 0.221620605426596 -1 2 13 9 11 5 15 1 7

idents add 13
273.69460073955 0.430152072389696 -1 2 13 9 11 5 15 1 7 13

OUSwitch
274.124752811939 0.703600234575858 1 2 13 9 11 5 15 1 7 13

octave up
274.828353046515 0.267005515615156 1 4 13 9 11 5 15 1 7 13

OUSwitch
275.09535856213 0.462815695010054 -1 4 13 9 11 5 15 1 7 13

idents drop 15
275.55817425714 0.479027491211654 -1 4 13 9 11 5 1 7 13

idents drop 11
276.037201748352 0.169591655483522 -1 4 13 9 5 1 7 13

nexus 1
276.206793403836 0.622971239495698 silence
276.829764643331 0.951141861244131 -1 4 1 9 5 1 7 13

nexus 15
277.780906504575 0.454278278820176 -1 4 15 9 5 1 7 13

octave down
278.235184783396 0.694415725102076 -1 2 15 9 5 1 7 13

octave up
278.929600508498 0.317837575685347 -1 4 15 9 5 1 7 13

nexus 1
279.247438084183 0.868771883689655 -1 4 1 9 5 1 7 13

nexus 13
280.116209967873 0.822144982192 -1 4 13 9 5 1 7 13

nexus 3
280.938354950065 0.498921155997667 -1 4 3 9 5 1 7 13

octave down
281.437276106062 0.878854186114925 -1 2 3 9 5 1 7 13

idents add 11
282.316130292177 0.634309002180566 -1 2 3 9 5 1 7 13 11

octave up
282.950439294358 0.240597774450855 -1 4 3 9 5 1 7 13 11

nexus 15
283.191037068809 0.922778503005224 -1 4 15 9 5 1 7 13 11

nexus 9
284.113815571814 0.561846650310561 -1 4 9 9 5 1 7 13 11

octave down
284.675662222125 0.70963143774768 -1 2 9 9 5 1 7 13 11

octave up
285.385293659872 0.637495971290582 -1 4 9 9 5 1 7 13 11

nexus 11
286.022789631163 0.412966515815799 -1 4 11 9 5 1 7 13 11

idents add 15
286.435756146979 0.960892402633134 silence
287.396648549612 0.3300494153308 -1 4 11 9 5 1 7 13 11 15

OUSwitch
287.726697964943 0.831340189286456 1 4 11 9 5 1 7 13 11 15

idents drop 15
288.558038154229 0.454648112196124 1 4 11 9 5 1 7 13 11

nexus 15
289.012686266425 0.476871566577314 silence
289.489557833002 0.815510587095142 1 4 15 9 5 1 7 13 11

octave down
290.305068420098 0.881072457692479 1 2 15 9 5 1 7 13 11

OUSwitch
291.18614087779 0.166706974830756 -1 2 15 9 5 1 7 13 11

nexus 3
291.352847852621 0.302812774328938 -1 2 3 9 5 1 7 13 11

idents add 3
291.65566062695 0.587411919933671 -1 2 3 9 5 1 7 13 11 3

nexus 1
292.243072546883 0.363398936134324 -1 2 1 9 5 1 7 13 11 3

octave up
292.606471483018 0.712980600710356 -1 4 1 9 5 1 7 13 11 3

idents drop 11
293.319452083728 0.512869611430229 -1 4 1 9 5 1 7 13 3

octave down
293.832321695158 0.206950017459204 -1 2 1 9 5 1 7 13 3

nexus 5
294.039271712618 0.241848088263227 -1 2 5 9 5 1 7 13 3

idents add 15
294.281119800881 0.325736464436861 -1 2 5 9 5 1 7 13 3 15

octave up
294.606856265318 0.285420350119254 -1 4 5 9 5 1 7 13 3 15

octave down
294.892276615437 0.228421196914972 -1 2 5 9 5 1 7 13 3 15

OUSwitch
295.120697812352 0.745833628046065 1 2 5 9 5 1 7 13 3 15

octave up
295.866531440398 0.773610935262346 1 4 5 9 5 1 7 13 3 15

octave down
296.64014237566 0.893192521168143 1 2 5 9 5 1 7 13 3 15

OUSwitch
297.533334896828 0.830537472827817 -1 2 5 9 5 1 7 13 3 15

idents drop 15
298.363872369656 0.906677837442919 -1 2 5 9 5 1 7 13 3

idents drop 1
299.270550207099 0.60398481386029 -1 2 5 9 5 7 13 3

idents add 15
299.874535020959 0.388972249378584 -1 2 5 9 5 7 13 3 15

nexus 3
