0 0.82469613436547 -1 1 1 1 3 5 7 9 11

octave up
0.82469613436547 0.419669171532654 -1 2 1 1 3 5 7 9 11

octave up
1.24436530589812 0.50739217428879 -1 4 1 1 3 5 7 9 11

octave down
1.75175748018691 0.787462123337582 -1 2 1 1 3 5 7 9 11

octave up
2.5392196035245 0.291858447972344 -1 4 1 1 3 5 7 9 11

idents drop 7
2.83107805149684 0.896282127061274 -1 4 1 1 3 5 9 11

nexus 11
3.72736017855811 0.919905050575398 -1 4 11 1 3 5 9 11

idents drop 5
4.64726522913351 0.850237471294296 -1 4 11 1 3 9 11

nexus 9
5.49750270042781 0.574434859050123 -1 4 9 1 3 9 11

octave down
6.07193755947793 0.691109500798541 -1 2 9 1 3 9 11

octave up
6.76304706027647 0.398962411100661 -1 4 9 1 3 9 11

octave down
7.16200947137713 0.495263450434578 -1 2 9 1 3 9 11

nexus 3
7.65727292181171 0.251039359180671 -1 2 3 1 3 9 11

octave up
7.90831228099238 0.652660725025973 -1 4 3 1 3 9 11

octave down
8.56097300601835 0.861976518478445 -1 2 3 1 3 9 11

octave up
9.4229495244968 0.889103163846183 -1 4 3 1 3 9 11

idents add 7
10.312052688343 0.79229604188164 -1 4 3 1 3 9 11 7

octave down
11.1043487302246 0.860138849551149 -1 2 3 1 3 9 11 7

octave up
11.9644875797758 0.809028386483362 -1 4 3 1 3 9 11 7

nexus 7
12.7735159662591 0.388342512758679 -1 4 7 1 3 9 11 7

octave down
13.1618584790178 0.430071024202478 -1 2 7 1 3 9 11 7

nexus 11
13.5919295032203 0.72507039807211 -1 2 11 1 3 9 11 7

idents add 5
14.3169999012924 0.416409981085737 -1 2 11 1 3 9 11 7 5

nexus 9
14.7334098823781 0.948761044991765 -1 2 9 1 3 9 11 7 5

octave up
15.6821709273699 0.280444462170038 -1 4 9 1 3 9 11 7 5

nexus 7
15.9626153895399 0.522182364112482 silence
16.4847977536524 0.938727725749465 -1 4 7 1 3 9 11 7 5

idents drop 7
17.4235254794019 0.878368194815264 -1 4 7 1 3 9 11 5

idents drop 1
18.3018936742172 0.767846756975342 -1 4 7 3 9 11 5

octave down
19.0697404311925 0.449848906355625 -1 2 7 3 9 11 5

octave up
19.5195893375481 0.810439900899392 -1 4 7 3 9 11 5

octave down
20.3300292384475 0.34253843114293 -1 2 7 3 9 11 5

nexus 1
20.6725676695904 0.73440952235378 -1 2 1 3 9 11 5

nexus 9
21.4069771919442 0.322424395662162 -1 2 9 3 9 11 5

octave up
21.7294015876064 0.397560792392162 -1 4 9 3 9 11 5

octave down
22.1269623799985 0.299498133662283 -1 2 9 3 9 11 5

idents add 1
22.4264605136608 0.963497716027009 -1 2 9 3 9 11 5 1

octave up
23.3899582296878 0.262255363731346 -1 4 9 3 9 11 5 1

octave down
23.6522135934192 0.255928775073091 -1 2 9 3 9 11 5 1

idents drop 9
23.9081423684923 0.971158040109689 -1 2 9 3 11 5 1

octave up
24.879300408602 0.720422030097361 -1 4 9 3 11 5 1

nexus 7
25.5997224386993 0.674095080967868 -1 4 7 3 11 5 1

nexus 3
26.2738175196672 0.948745760859118 -1 4 3 3 11 5 1

idents drop 11
27.2225632805263 0.948161330483573 silence
28.1707246110099 0.842964141072932 -1 4 3 3 5 1

octave down
29.0136887520828 0.575453701470353 -1 2 3 3 5 1

octave up
29.5891424535532 0.658390617119019 -1 4 3 3 5 1

octave down
30.2475330706722 0.454742063168123 -1 2 3 3 5 1

octave up
30.7022751338403 0.565565442221252 -1 4 3 3 5 1

idents drop 5
31.2678405760616 0.904935110164302 -1 4 3 3 1

octave down
32.1727756862259 0.294309696030762 -1 2 3 3 1

nexus 9
32.4670853822566 0.297305533080437 -1 2 9 3 1

octave up
32.7643909153371 0.461114435597986 -1 4 9 3 1

octave down
33.2255053509351 0.290168882313647 -1 2 9 3 1

octave up
33.5156742332487 0.297202352557029 -1 4 9 3 1

idents add 5
33.8128765858057 0.7670520124963 -1 4 9 3 1 5

octave down
34.579928598302 0.367399258359429 silence
34.9473278566615 0.800955400363335 silence
35.7482832570248 0.283261412568448 -1 2 9 3 1 5

octave up
36.0315446695932 0.97808004262517 -1 4 9 3 1 5

idents drop 5
37.0096247122184 0.368212585732956 -1 4 9 3 1

octave down
37.3778372979514 0.250957914732096 -1 2 9 3 1

octave up
37.6287952126835 0.715585735434316 -1 4 9 3 1

octave down
38.3443809481178 0.433708131994077 -1 2 9 3 1

octave up
38.7780890801119 0.484446067283874 -1 4 9 3 1

octave down
39.2625351473957 0.273642224356928 -1 2 9 3 1

idents add 11
39.5361773717527 0.658465936241371 -1 2 9 3 1 11

idents drop 11
40.194643307994 0.47100625855632 -1 2 9 3 1

octave up
40.6656495665503 0.698002231739816 -1 4 9 3 1

idents add 5
41.3636517982902 0.356309264772491 -1 4 9 3 1 5

octave down
41.7199610630627 0.710123995975407 silence
42.4300850590381 0.652023333036515 -1 2 9 3 1 5

octave up
43.0821083920746 0.878180868896884 -1 4 9 3 1 5

idents drop 5
43.9602892609715 0.517773309687097 -1 4 9 3 1

octave down
44.4780625706586 0.69323647636691 -1 2 9 3 1

nexus 11
45.1712990470255 0.762323942792785 -1 2 11 3 1

idents add 7
45.9336229898183 0.339890087776766 -1 2 11 3 1 7

idents drop 1
46.273513077595 0.779554969494217 -1 2 11 3 7

idents add 1
47.0530680470892 0.89740738091628 -1 2 11 3 7 1

nexus 9
47.9504754280055 0.701728476931633 -1 2 9 3 7 1

idents add 11
48.6522039049372 0.68455773668177 -1 2 9 3 7 1 11

octave up
49.3367616416189 0.918330878603213 -1 4 9 3 7 1 11

octave down
50.2550925202221 0.5903872251995 silence
50.8454797454216 0.647439959656472 -1 2 9 3 7 1 11

octave up
51.4929197050781 0.404176682196424 -1 4 9 3 7 1 11

octave down
51.8970963872745 0.952476426315481 -1 2 9 3 7 1 11

octave up
52.84957281359 0.425172720188443 -1 4 9 3 7 1 11

octave down
53.2747455337785 0.715772899599061 -1 2 9 3 7 1 11

nexus 11
53.9905184333775 0.711901660058202 -1 2 11 3 7 1 11

octave up
54.7024200934357 0.605324842469251 silence
55.307744935905 0.353825592455769 -1 4 11 3 7 1 11

idents add 5
55.6615705283607 0.319979050248909 -1 4 11 3 7 1 11 5

octave down
55.9815495786097 0.691350047184437 -1 2 11 3 7 1 11 5

nexus 5
56.6728996257941 0.546819492474818 -1 2 5 3 7 1 11 5

octave up
57.2197191182689 0.345954781370682 silence
57.5656738996396 0.737977417118821 -1 4 5 3 7 1 11 5

octave down
58.3036513167584 0.973911777094123 -1 2 5 3 7 1 11 5

octave up
59.2775630938525 0.341070381628458 -1 4 5 3 7 1 11 5

octave down
59.618633475481 0.392211681925128 -1 2 5 3 7 1 11 5

idents drop 11
60.0108451574061 0.910538461301309 silence
60.9213836187074 0.580946643864074 silence
61.5023302625715 0.6547253762021 -1 2 5 3 7 1 5

octave up
62.1570556387736 0.80843827931682 -1 4 5 3 7 1 5

octave down
62.9654939180904 0.755154781159387 silence
63.7206486992498 0.906708914912679 silence
64.6273576141625 0.958138526835988 -1 2 5 3 7 1 5

octave up
65.5854961409985 0.890148751746591 silence
66.4756448927451 0.436551275298174 -1 4 5 3 7 1 5

octave down
66.9121961680432 0.470124415998935 -1 2 5 3 7 1 5

octave up
67.3823205840422 0.946419995836878 -1 4 5 3 7 1 5

nexus 11
68.328740579879 0.317125571063629 -1 4 11 3 7 1 5

octave down
68.6458661509427 0.61917505478793 -1 2 11 3 7 1 5

nexus 5
69.2650412057306 0.885036427430073 -1 2 5 3 7 1 5

octave up
70.1500776331607 0.997082471937657 -1 4 5 3 7 1 5

idents drop 3
71.1471601050983 0.273915076124303 -1 4 5 7 1 5

idents add 3
71.4210751812226 0.715520653958294 silence
72.1365958351809 0.485667829147068 -1 4 5 7 1 5 3

octave down
72.622263664328 0.666185061195549 -1 2 5 7 1 5 3

nexus 11
73.2884487255235 0.91154568434141 -1 2 11 7 1 5 3

nexus 1
74.1999944098649 0.27255825562205 -1 2 1 7 1 5 3

idents add 11
74.472552665487 0.449304970914206 -1 2 1 7 1 5 3 11

nexus 3
74.9218576364012 0.725296387434571 -1 2 3 7 1 5 3 11

octave up
75.6471540238357 0.73161232683834 -1 4 3 7 1 5 3 11

octave down
76.3787663506741 0.294819603291185 silence
76.6735859539653 0.267246829204811 -1 2 3 7 1 5 3 11

octave up
76.9408327831701 0.516579894852478 -1 4 3 7 1 5 3 11

idents drop 3
77.4574126780226 0.255263260274115 -1 4 3 7 1 5 11

octave down
77.7126759382967 0.414055218015995 -1 2 3 7 1 5 11

idents add 9
78.1267311563127 0.434179242130552 -1 2 3 7 1 5 11 9

octave up
78.5609103984432 0.908143605871474 -1 4 3 7 1 5 11 9

idents drop 9
79.4690540043147 0.735725292008142 -1 4 3 7 1 5 11

octave down
80.2047792963228 0.743171706269651 -1 2 3 7 1 5 11

idents drop 11
80.9479510025925 0.511867401894353 -1 2 3 7 1 5

nexus 9
81.4598184044868 0.365685565527957 -1 2 9 7 1 5

octave up
81.8255039700148 0.50672408333571 -1 4 9 7 1 5

octave down
82.3322280533505 0.637892673662638 -1 2 9 7 1 5

idents drop 1
82.9701207270131 0.374513702312719 -1 2 9 7 5

idents add 9
83.3446344293259 0.564998742020896 -1 2 9 7 5 9

octave up
83.9096331713468 0.350718442568082 -1 4 9 7 5 9

nexus 7
84.2603516139148 0.590688608133626 -1 4 7 7 5 9

octave down
84.8510402220485 0.428158763662648 -1 2 7 7 5 9

idents add 1
85.2791989857111 0.363379638575168 silence
85.6425786242863 0.330009480153405 -1 2 7 7 5 9 1

octave up
85.9725881044397 0.99885644782402 -1 4 7 7 5 9 1

nexus 3
86.9714445522637 0.499503265227492 silence
87.4709478174912 0.387045335306796 -1 4 3 7 5 9 1

octave down
87.857993152798 0.801378919469257 -1 2 3 7 5 9 1

idents drop 1
88.6593720722673 0.964504834339928 silence
89.6238769066072 0.587577032294234 -1 2 3 7 5 9

idents add 11
90.2114539389014 0.805318595624918 -1 2 3 7 5 9 11

idents drop 5
91.0167725345264 0.91679682030094 silence
91.9335693548273 0.69157781642344 -1 2 3 7 9 11

nexus 11
92.6251471712507 0.832740720215745 -1 2 11 7 9 11

octave up
93.4578878914665 0.348934152504414 -1 4 11 7 9 11

nexus 1
93.8068220439709 0.338691249054912 silence
94.1455132930258 0.797032641441603 -1 4 1 7 9 11

octave down
94.9425459344674 0.633205266430503 silence
95.5757512008979 0.821850041875699 silence
96.3976012427736 0.794778089797552 -1 2 1 7 9 11

idents add 5
97.1923793325712 0.278658453078783 -1 2 1 7 9 11 5

nexus 3
97.4710377856499 0.729023034395678 -1 2 3 7 9 11 5

nexus 1
98.2000608200456 0.350589279840731 silence
98.5506500998864 0.827411966407762 silence
99.3780620662941 0.780818385552928 silence
100.158880451847 0.986616396944136 silence
101.145496848791 0.476991336308535 silence
101.6224881851 0.823652728587081 -1 2 1 7 9 11 5

nexus 9
102.446140913687 0.982949706756721 -1 2 9 7 9 11 5

octave up
103.429090620444 0.98337041454881 -1 4 9 7 9 11 5

octave down
104.412461034992 0.738142921819096 -1 2 9 7 9 11 5

octave up
105.150603956811 0.814615994922875 silence
105.965219951734 0.512821880813759 silence
106.478041832548 0.261950394127805 -1 4 9 7 9 11 5

octave down
106.739992226676 0.961026076490698 -1 2 9 7 9 11 5

nexus 5
107.701018303167 0.311824715827912 silence
108.012843018994 0.61338112902682 silence
108.626224148021 0.4802260895174 -1 2 5 7 9 11 5

octave up
109.106450237539 0.459517184264452 -1 4 5 7 9 11 5

nexus 3
109.565967421803 0.491575782279941 silence
110.057543204083 0.887729457347023 -1 4 3 7 9 11 5

octave down
110.94527266143 0.968768826270547 -1 2 3 7 9 11 5

idents add 3
111.914041487701 0.769639949956147 -1 2 3 7 9 11 5 3

octave up
112.683681437657 0.587078069098054 silence
113.270759506755 0.793595079967223 -1 4 3 7 9 11 5 3

nexus 9
114.064354586722 0.900469399036925 -1 4 9 7 9 11 5 3

idents add 1
114.964823985759 0.338895575004069 -1 4 9 7 9 11 5 3 1

octave down
115.303719560763 0.683700343889299 silence
115.987419904652 0.379751380291195 silence
116.367171284944 0.280844543811551 -1 2 9 7 9 11 5 3 1

nexus 7
116.648015828755 0.59768454042418 silence
117.245700369179 0.314295646439251 -1 2 7 7 9 11 5 3 1

nexus 3
117.559996015619 0.904627467277614 -1 2 3 7 9 11 5 3 1

nexus 11
118.464623482896 0.3501088972969 -1 2 11 7 9 11 5 3 1

nexus 1
118.814732380193 0.670993391181119 silence
119.485725771374 0.845403246955829 -1 2 1 7 9 11 5 3 1

octave up
120.33112901833 0.634787034109327 -1 4 1 7 9 11 5 3 1

octave down
120.965916052439 0.511934061060119 -1 2 1 7 9 11 5 3 1

octave up
121.477850113499 0.632443912364617 -1 4 1 7 9 11 5 3 1

octave down
122.110294025864 0.885955331813676 silence
122.996249357678 0.837824664120104 -1 2 1 7 9 11 5 3 1

idents drop 7
123.834074021798 0.293183654856389 silence
124.127257676654 0.568628734610551 silence
124.695886411265 0.435784829400895 -1 2 1 9 11 5 3 1

idents drop 5
125.131671240666 0.466296498743155 silence
125.597967739409 0.625384815877004 silence
126.223352555286 0.4373992901096 silence
126.660751845395 0.568578501734622 -1 2 1 9 11 3 1

octave up
127.22933034713 0.624201161433432 -1 4 1 9 11 3 1

octave down
127.853531508564 0.902759899750599 -1 2 1 9 11 3 1

octave up
128.756291408314 0.394318940846131 -1 4 1 9 11 3 1

idents drop 9
129.15061034916 0.429491841933205 silence
129.580102191093 0.713450345802014 silence
130.293552536895 0.37022958470003 silence
130.663782121595 0.529370765054943 silence
131.19315288665 0.72031709321088 -1 4 1 11 3 1

idents drop 3
131.913469979861 0.345269645119717 silence
132.258739624981 0.626591374670917 -1 4 1 11 1

octave down
132.885330999652 0.812811489990009 -1 2 1 11 1

octave up
133.698142489642 0.751729635215624 -1 4 1 11 1

octave down
134.449872124858 0.409888597343379 -1 2 1 11 1

idents add 3
134.859760722201 0.652610439199409 -1 2 1 11 1 3

idents add 5
135.5123711614 0.56983753354479 -1 2 1 11 1 3 5

idents drop 1
136.082208694945 0.730707658014929 silence
136.81291635296 0.596406411355238 -1 2 1 11 3 5

idents add 7
137.409322764315 0.294412332343763 silence
137.703735096659 0.404208890849127 silence
138.107943987508 0.288737316304639 -1 2 1 11 3 5 7

octave up
138.396681303813 0.938870800472958 -1 4 1 11 3 5 7

octave down
139.335552104286 0.463943053600314 silence
139.799495157886 0.603635594944729 silence
140.403130752831 0.539106335586801 silence
140.942237088418 0.480891621587835 -1 2 1 11 3 5 7

nexus 3
141.423128710005 0.565244856066871 silence
141.988373566072 0.372744401575525 -1 2 3 11 3 5 7

octave up
142.361117967648 0.624620416014119 -1 4 3 11 3 5 7

octave down
142.985738383662 0.404673164697392 silence
143.390411548359 0.503117981716469 -1 2 3 11 3 5 7

octave up
143.893529530076 0.402590723065641 silence
144.296120253141 0.362392395459334 silence
144.658512648601 0.713897195079335 -1 4 3 11 3 5 7

idents drop 11
145.37240984368 0.604995620053213 -1 4 3 3 5 7

octave down
145.977405463733 0.256054631718679 silence
146.233460095452 0.823210275854195 silence
147.056670371306 0.746597628412039 silence
147.803267999718 0.992453895798374 -1 2 3 3 5 7

nexus 11
148.795721895517 0.584679116990529 -1 2 11 3 5 7

octave up
149.380401012507 0.513554043830765 silence
149.893955056338 0.49547014027326 silence
150.389425196611 0.395112222499217 -1 4 11 3 5 7

octave down
150.78453741911 0.519840490251459 silence
151.304377909362 0.613799414942068 silence
151.918177324304 0.329309740788277 silence
152.247487065092 0.380123239296367 silence
152.627610304389 0.884274697316554 -1 2 11 3 5 7

nexus 1
153.511885001705 0.369048016596229 silence
153.880933018301 0.829468087707961 silence
154.710401106009 0.75938535335746 -1 2 1 3 5 7

idents drop 5
155.469786459367 0.341506009494158 -1 2 1 3 7

octave up
155.811292468861 0.981673130793732 -1 4 1 3 7

idents add 11
156.792965599655 0.546687413915379 -1 4 1 3 7 11

octave down
157.33965301357 0.269794019366016 -1 2 1 3 7 11

octave up
157.609447032936 0.868891995521674 silence
158.478339028458 0.43355618066483 -1 4 1 3 7 11

idents add 9
158.911895209123 0.55910049379724 -1 4 1 3 7 11 9

octave down
159.47099570292 0.829709627586459 -1 2 1 3 7 11 9

octave up
160.300705330506 0.975462136995191 -1 4 1 3 7 11 9

nexus 9
161.276167467501 0.612959105011318 silence
161.889126572513 0.490706450193595 -1 4 9 3 7 11 9

octave down
162.379833022706 0.27126538063813 silence
162.651098403344 0.354672946771901 silence
163.005771350116 0.535295418275183 -1 2 9 3 7 11 9

octave up
163.541066768392 0.845415718095031 -1 4 9 3 7 11 9

nexus 3
164.386482486487 0.997468496445682 silence
165.383950982932 0.464170058889568 -1 4 3 3 7 11 9

octave down
165.848121041822 0.999008393856593 -1 2 3 3 7 11 9

idents add 1
166.847129435678 0.785690194576858 -1 2 3 3 7 11 9 1

octave up
167.632819630255 0.904741443514387 silence
168.53756107377 0.757082003799784 -1 4 3 3 7 11 9 1

nexus 9
169.294643077569 0.625755407932103 -1 4 9 3 7 11 9 1

idents add 5
169.920398485502 0.458606964379825 silence
170.379005449881 0.858690404030303 silence
171.237695853912 0.567971502368361 -1 4 9 3 7 11 9 1 5

nexus 7
171.80566735628 0.918091161618719 -1 4 7 3 7 11 9 1 5

nexus 9
172.723758517899 0.493222014700039 silence
173.216980532599 0.498089182845724 -1 4 9 3 7 11 9 1 5

nexus 7
173.715069715445 0.454863583235475 -1 4 7 3 7 11 9 1 5

octave down
174.16993329868 0.574638367093979 -1 2 7 3 7 11 9 1 5

octave up
174.744571665774 0.29872922602055 -1 4 7 3 7 11 9 1 5

nexus 3
175.043300891795 0.656171479436014 silence
175.699472371231 0.308412995537517 silence
176.007885366768 0.404564289999995 -1 4 3 3 7 11 9 1 5

idents drop 9
176.412449656768 0.855317519358199 -1 4 3 3 7 11 1 5

nexus 11
177.267767176126 0.268615599575657 silence
177.536382775702 0.29298400393421 -1 4 11 3 7 11 1 5

octave down
177.829366779636 0.692834657418492 -1 2 11 3 7 11 1 5

octave up
178.522201437055 0.358376713954659 silence
178.880578151009 0.90039780600239 silence
179.780975957012 0.834531136459987 -1 4 11 3 7 11 1 5

octave down
180.615507093472 0.928470811593551 -1 2 11 3 7 11 1 5

idents drop 7
181.543977905065 0.924738789897755 -1 2 11 3 11 1 5

idents drop 5
182.468716694963 0.29358715874675 -1 2 11 3 11 1

octave up
182.76230385371 0.457705865711979 silence
183.220009719422 0.527359325106962 -1 4 11 3 11 1

octave down
183.747369044529 0.458248949603669 silence
184.205617994132 0.505620513443875 -1 2 11 3 11 1

octave up
184.711238507576 0.497547905973219 -1 4 11 3 11 1

idents add 7
185.208786413549 0.839717205978474 silence
186.048503619528 0.634102635067576 -1 4 11 3 11 1 7

nexus 5
186.682606254595 0.6690712766548 silence
187.35167753125 0.57813679227688 -1 4 5 3 11 1 7

nexus 7
187.929814323527 0.829923040460928 silence
188.759737363988 0.527717409884872 silence
189.287454773873 0.331436342650063 -1 4 7 3 11 1 7

nexus 11
189.618891116523 0.647375843644663 -1 4 11 3 11 1 7

octave down
190.266266960168 0.767545058528885 silence
191.033812018697 0.290271326284342 -1 2 11 3 11 1 7

idents add 9
191.324083344981 0.481681352401504 silence
191.805764697382 0.337080683954341 -1 2 11 3 11 1 7 9

octave up
192.142845381337 0.992041941607511 -1 4 11 3 11 1 7 9

octave down
193.134887322944 0.778796572907633 silence
193.913683895852 0.494392806835962 -1 2 11 3 11 1 7 9

idents drop 3
194.408076702688 0.649113103715252 -1 2 11 11 1 7 9

octave up
195.057189806403 0.433873446512807 -1 4 11 11 1 7 9

octave down
195.491063252916 0.925957277038946 silence
196.417020529955 0.958900951103321 -1 2 11 11 1 7 9

octave up
197.375921481058 0.708276702235088 -1 4 11 11 1 7 9

octave down
198.084198183293 0.726139924864387 -1 2 11 11 1 7 9

octave up
198.810338108158 0.938025845791554 -1 4 11 11 1 7 9

nexus 3
199.748363953949 0.943825177270228 -1 4 3 11 1 7 9

octave down
200.692189131219 0.830719312965416 -1 2 3 11 1 7 9

nexus 7
201.522908444185 0.530190421586823 -1 2 7 11 1 7 9

octave up
202.053098865772 0.693121229337244 silence
202.746220095109 0.425974149930019 -1 4 7 11 1 7 9

nexus 5
203.172194245039 0.801153464861346 -1 4 5 11 1 7 9

idents add 3
203.9733477099 0.259578698670603 -1 4 5 11 1 7 9 3

idents add 5
204.232926408571 0.754781651630848 silence
204.987708060202 0.626722689661332 -1 4 5 11 1 7 9 3 5

octave down
205.614430749863 0.462169384151847 -1 2 5 11 1 7 9 3 5

nexus 11
206.076600134015 0.264155184244752 silence
206.34075531826 0.586995622513975 -1 2 11 11 1 7 9 3 5

octave up
206.927750940774 0.519493635441415 -1 4 11 11 1 7 9 3 5

nexus 5
207.447244576215 0.924549507003055 -1 4 5 11 1 7 9 3 5

octave down
208.371794083218 0.828270989163925 -1 2 5 11 1 7 9 3 5

idents drop 5
209.200065072382 0.632979947825622 -1 2 5 11 1 7 9 3

octave up
209.833045020208 0.710065024230264 -1 4 5 11 1 7 9 3

octave down
210.543110044438 0.808468161387366 -1 2 5 11 1 7 9 3

nexus 7
211.351578205825 0.573616223087049 -1 2 7 11 1 7 9 3

octave up
211.925194428912 0.676611010541913 silence
212.601805439454 0.439834024410003 silence
213.041639463864 0.31577709060844 -1 4 7 11 1 7 9 3

octave down
213.357416554473 0.872002845795496 -1 2 7 11 1 7 9 3

octave up
214.229419400268 0.786592146262165 -1 4 7 11 1 7 9 3

nexus 9
215.01601154653 0.494662771435605 silence
215.510674317966 0.570084244876629 -1 4 9 11 1 7 9 3

octave down
216.080758562843 0.964648969925064 silence
217.045407532768 0.370838609170453 -1 2 9 11 1 7 9 3

nexus 3
217.416246141938 0.924337231439129 -1 2 3 11 1 7 9 3

octave up
218.340583373377 0.745189084646852 silence
219.085772458024 0.475243839671895 -1 4 3 11 1 7 9 3

idents drop 7
219.561016297696 0.413851382293747 -1 4 3 11 1 9 3

octave down
219.97486767999 0.585108495838616 -1 2 3 11 1 9 3

octave up
220.559976175828 0.564042398200388 -1 4 3 11 1 9 3

octave down
221.124018574029 0.739687612900635 -1 2 3 11 1 9 3

nexus 11
221.863706186929 0.708528612802355 -1 2 11 11 1 9 3

nexus 1
222.572234799732 0.345342077250807 silence
222.917576876983 0.300052021942932 -1 2 1 11 1 9 3

octave up
223.217628898925 0.301374000445382 -1 4 1 11 1 9 3

idents add 5
223.519002899371 0.879214973833981 -1 4 1 11 1 9 3 5

nexus 3
224.398217873205 0.740565723668047 -1 4 3 11 1 9 3 5

idents drop 1
225.138783596873 0.920389252189045 -1 4 3 11 9 3 5

octave down
226.059172849062 0.319730512989739 -1 2 3 11 9 3 5

octave up
226.378903362052 0.82151944969571 -1 4 3 11 9 3 5

octave down
227.200422811747 0.647099289466795 -1 2 3 11 9 3 5

octave up
227.847522101214 0.607332965761687 -1 4 3 11 9 3 5

octave down
228.454855066976 0.697361833614095 -1 2 3 11 9 3 5

octave up
229.15221690059 0.434033505189781 silence
229.58625040578 0.727621828774906 silence
230.313872234555 0.462567647803485 silence
230.776439882358 0.259496208178691 -1 4 3 11 9 3 5

octave down
231.035936090537 0.307781460969735 -1 2 3 11 9 3 5

octave up
231.343717551507 0.289196074951981 -1 4 3 11 9 3 5

nexus 11
231.632913626458 0.73613072093988 -1 4 11 11 9 3 5

nexus 7
232.369044347398 0.599108987148325 -1 4 7 11 9 3 5

octave down
232.968153334547 0.276044083080644 -1 2 7 11 9 3 5

nexus 5
233.244197417627 0.842477210168031 -1 2 5 11 9 3 5

nexus 11
234.086674627795 0.826120861674277 -1 2 11 11 9 3 5

idents add 1
234.91279548947 0.977977099550548 -1 2 11 11 9 3 5 1

octave up
235.89077258902 0.592129689885646 -1 4 11 11 9 3 5 1

octave down
236.482902278906 0.332702003720065 -1 2 11 11 9 3 5 1

octave up
236.815604282626 0.332217709232313 -1 4 11 11 9 3 5 1

octave down
237.147821991858 0.430515540905157 -1 2 11 11 9 3 5 1

octave up
237.578337532763 0.698076389205096 -1 4 11 11 9 3 5 1

octave down
238.276413921968 0.947444437696799 -1 2 11 11 9 3 5 1

idents add 7
239.223858359665 0.637182782812383 silence
239.861041142478 0.267043314731332 silence
240.128084457209 0.646137110763723 -1 2 11 11 9 3 5 1 7

idents drop 7
240.774221567973 0.443394165503609 -1 2 11 11 9 3 5 1

nexus 7
241.217615733476 0.424053382876308 -1 2 7 11 9 3 5 1

octave up
241.641669116353 0.312222808920472 -1 4 7 11 9 3 5 1

idents add 7
241.953891925273 0.280999941031467 -1 4 7 11 9 3 5 1 7

nexus 3
242.234891866305 0.471393083213972 silence
242.706284949518 0.303315212979117 -1 4 3 11 9 3 5 1 7

idents drop 7
243.009600162498 0.915652364639698 -1 4 3 11 9 3 5 1

idents add 7
243.925252527137 0.571006732945492 -1 4 3 11 9 3 5 1 7

octave down
244.496259260083 0.58288885477266 silence
245.079148114855 0.365831143593407 -1 2 3 11 9 3 5 1 7

octave up
245.444979258449 0.689769586750754 -1 4 3 11 9 3 5 1 7

octave down
246.1347488452 0.622042335806009 -1 2 3 11 9 3 5 1 7

idents drop 1
246.756791181006 0.803312387412923 -1 2 3 11 9 3 5 7

idents drop 11
247.560103568419 0.533080147033324 -1 2 3 9 3 5 7

octave up
248.093183715452 0.850616807611584 -1 4 3 9 3 5 7

octave down
248.943800523063 0.722870381007722 -1 2 3 9 3 5 7

octave up
249.666670904071 0.291218138021502 -1 4 3 9 3 5 7

octave down
249.957889042093 0.449860244633403 -1 2 3 9 3 5 7

octave up
250.407749286726 0.802518667620512 silence
251.210267954347 0.291914957631334 -1 4 3 9 3 5 7

nexus 11
251.502182911978 0.4458880932198 -1 4 11 9 3 5 7

octave down
251.948071005198 0.31005149324852 -1 2 11 9 3 5 7

idents drop 3
252.258122498446 0.553511598422154 silence
252.811634096868 0.745014926113567 -1 2 11 9 5 7

octave up
253.556649022982 0.706880562015925 -1 4 11 9 5 7

octave down
254.263529584998 0.582918856964013 -1 2 11 9 5 7

octave up
254.846448441962 0.565958296524892 -1 4 11 9 5 7

nexus 7
255.412406738487 0.8466580883605 -1 4 7 9 5 7

octave down
256.259064826847 0.933745490832312 -1 2 7 9 5 7

octave up
257.19281031768 0.884935131347535 silence
258.077745449027 0.914851980842919 -1 4 7 9 5 7

octave down
258.99259742987 0.602145952563927 -1 2 7 9 5 7

octave up
259.594743382434 0.317791923553624 -1 4 7 9 5 7

idents add 11
259.912535305988 0.799133368149457 -1 4 7 9 5 7 11

nexus 11
260.711668674137 0.346761092887831 -1 4 11 9 5 7 11

octave down
261.058429767025 0.320427619324398 -1 2 11 9 5 7 11

idents drop 9
261.378857386349 0.760022386156374 -1 2 11 5 7 11

nexus 5
262.138879772506 0.743968616231641 -1 2 5 5 7 11

octave up
262.882848388737 0.557008474277144 -1 4 5 5 7 11

nexus 7
263.439856863014 0.800806923929588 -1 4 7 5 7 11

idents drop 7
264.240663786944 0.605365330627456 -1 4 7 5 11

octave down
264.846029117572 0.979816315454929 -1 2 7 5 11

octave up
265.825845433026 0.974871754718916 -1 4 7 5 11

idents add 7
266.800717187745 0.409564863948058 silence
267.210282051693 0.292877640175036 -1 4 7 5 11 7

nexus 11
267.503159691868 0.93577251469576 -1 4 11 5 11 7

nexus 9
268.438932206564 0.538950688952855 silence
268.977882895517 0.801197755822863 -1 4 9 5 11 7

octave down
269.77908065134 0.490571822392152 -1 2 9 5 11 7

octave up
270.269652473732 0.957813829697865 silence
271.22746630343 0.369571158893678 -1 4 9 5 11 7

idents drop 7
271.597037462324 0.899661117460842 -1 4 9 5 11

octave down
272.496698579784 0.946577538327043 -1 2 9 5 11

octave up
273.443276118111 0.767137668749622 -1 4 9 5 11

octave down
274.210413786861 0.706871723030552 -1 2 9 5 11

idents add 9
274.917285509892 0.88691119197213 silence
275.804196701864 0.637544570553583 -1 2 9 5 11 9

nexus 5
276.441741272417 0.321382813771289 -1 2 5 5 11 9

octave up
276.763124086189 0.42966411144946 -1 4 5 5 11 9

octave down
277.192788197638 0.461229572798584 -1 2 5 5 11 9

idents drop 5
277.654017770437 0.778036917217521 -1 2 5 11 9

octave up
278.432054687654 0.969357714554297 -1 4 5 11 9

octave down
279.401412402209 0.425150298655956 -1 2 5 11 9

nexus 7
279.826562700864 0.806574792788883 -1 2 7 11 9

octave up
280.633137493653 0.629187001770018 -1 4 7 11 9

idents add 7
281.262324495423 0.753766470554965 -1 4 7 11 9 7

octave down
282.016090965978 0.350338977234276 -1 2 7 11 9 7

octave up
282.366429943213 0.57796151386525 -1 4 7 11 9 7

idents drop 7
282.944391457078 0.958542656843838 -1 4 7 11 9

octave down
283.902934113922 0.378428213871377 -1 2 7 11 9

idents add 3
284.281362327793 0.34427278528795 -1 2 7 11 9 3

nexus 5
284.625635113081 0.346964422595009 -1 2 5 11 9 3

nexus 1
284.972599535676 0.864981348855441 -1 2 1 11 9 3

octave up
285.837580884532 0.664717232498606 -1 4 1 11 9 3

octave down
286.50229811703 0.673390545871909 -1 2 1 11 9 3

nexus 7
287.175688662902 0.566298527434729 -1 2 7 11 9 3

octave up
287.741987190337 0.974755032001262 -1 4 7 11 9 3

nexus 9
288.716742222338 0.89534802091726 -1 4 9 11 9 3

octave down
289.612090243255 0.761941023566068 -1 2 9 11 9 3

octave up
290.374031266821 0.942218081321664 -1 4 9 11 9 3

octave down
291.316249348143 0.37726978565831 -1 2 9 11 9 3

octave up
291.693519133801 0.868933146298015 -1 4 9 11 9 3

idents drop 11
292.562452280099 0.363145781180505 -1 4 9 9 3

nexus 3
292.92559806128 0.437493580013975 -1 4 3 9 3

nexus 5
293.363091641294 0.65864388015854 -1 4 5 9 3

octave down
294.021735521452 0.883791799804294 -1 2 5 9 3

idents add 11
294.905527321257 0.44984389675578 -1 2 5 9 3 11

nexus 3
295.355371218012 0.766841633957113 -1 2 3 9 3 11

octave up
296.122212851969 0.663080062002786 -1 4 3 9 3 11

nexus 9
296.785292913972 0.340031013531743 -1 4 9 9 3 11

idents drop 9
297.125323927504 0.528901859546527 -1 4 9 3 11

octave down
297.654225787051 0.2869212495635 -1 2 9 3 11

octave up
297.941147036614 0.780637333365273 -1 4 9 3 11

idents add 9
298.721784369979 0.481122160336809 -1 4 9 3 11 9

octave down
299.202906530316 0.463982433556959 -1 2 9 3 11 9

octave up
299.666888963873 0.66459058797004 -1 4 9 3 11 9

idents drop 3
